RUN	BasicLoadSimulation	basicloadsimulation	1587283265650	 	3.3.1
USER	Code Reuse	2	START	1587283272933	1587283272933
USER	Code Reuse	1	START	1587283272933	1587283272933
USER	Code Reuse	3	START	1587283272933	1587283272933
USER	Code Reuse	5	START	1587283272933	1587283272933
USER	Code Reuse	6	START	1587283272961	1587283272961
USER	Code Reuse	4	START	1587283272933	1587283272933
REQUEST	3		Get All Video Games	1587283273014	1587283273082	OK	 
REQUEST	2		Get All Video Games	1587283273011	1587283273115	OK	 
REQUEST	6		Get All Video Games	1587283273010	1587283273084	OK	 
REQUEST	1		Get All Video Games	1587283273011	1587283273125	OK	 
REQUEST	4		Get All Video Games	1587283273010	1587283273080	OK	 
REQUEST	5		Get All Video Games	1587283273010	1587283273132	OK	 
REQUEST	6		Get All Video Games	1587283273124	1587283273141	OK	 
REQUEST	4		Get All Video Games	1587283273127	1587283273142	OK	 
REQUEST	2		Get All Video Games	1587283273122	1587283273142	OK	 
REQUEST	3		Get All Video Games	1587283273122	1587283273143	OK	 
REQUEST	1		Get All Video Games	1587283273126	1587283273144	OK	 
REQUEST	3		Get All Video Games	1587283273144	1587283273161	OK	 
REQUEST	5		Get All Video Games	1587283273141	1587283273172	OK	 
REQUEST	6		Get All Video Games	1587283273148	1587283273170	OK	 
REQUEST	1		Get All Video Games	1587283273147	1587283273172	OK	 
REQUEST	4		Get All Video Games	1587283273147	1587283273171	OK	 
REQUEST	2		Get All Video Games	1587283273148	1587283273171	OK	 
REQUEST	3		Get Specific game	1587283273173	1587283273181	OK	 
REQUEST	5		Get All Video Games	1587283273176	1587283273185	OK	 
REQUEST	1		Get Specific game	1587283273173	1587283273194	OK	 
REQUEST	2		Get Specific game	1587283273174	1587283273202	OK	 
REQUEST	6		Get Specific game	1587283273174	1587283273203	OK	 
REQUEST	4		Get Specific game	1587283273174	1587283273213	OK	 
REQUEST	3		Get Specific game	1587283273183	1587283273214	OK	 
REQUEST	5		Get Specific game	1587283273186	1587283273232	OK	 
REQUEST	6		Get Specific game	1587283273207	1587283273221	OK	 
REQUEST	4		Get Specific game	1587283273216	1587283273232	OK	 
REQUEST	1		Get Specific game	1587283273197	1587283273231	OK	 
REQUEST	3		Get Specific game	1587283273217	1587283273231	OK	 
REQUEST	2		Get Specific game	1587283273206	1587283273231	OK	 
REQUEST	3		Get Specific game	1587283273234	1587283273242	OK	 
REQUEST	1		Get Specific game	1587283273234	1587283273249	OK	 
REQUEST	5		Get Specific game	1587283273234	1587283273249	OK	 
REQUEST	2		Get Specific game	1587283273235	1587283273250	OK	 
REQUEST	4		Get Specific game	1587283273235	1587283273250	OK	 
REQUEST	6		Get Specific game	1587283273236	1587283273255	OK	 
REQUEST	5		Get Specific game	1587283273251	1587283273261	OK	 
REQUEST	6		Get Specific game	1587283273257	1587283273262	OK	 
REQUEST	4		Get Specific game	1587283273251	1587283273267	OK	 
REQUEST	6		Get Specific game	1587283273263	1587283273275	OK	 
REQUEST	3		Get Specific game	1587283273252	1587283273275	OK	 
REQUEST	5		Get Specific game	1587283273264	1587283273276	OK	 
REQUEST	1		Get Specific game	1587283273252	1587283273275	OK	 
REQUEST	2		Get Specific game	1587283273254	1587283273276	OK	 
REQUEST	6		Get All Video Games	1587283273275	1587283273285	OK	 
REQUEST	3		Get All Video Games	1587283273276	1587283273287	OK	 
REQUEST	5		Get Specific game	1587283273278	1587283273295	OK	 
REQUEST	3		Get All Video Games	1587283273290	1587283273304	OK	 
REQUEST	6		Get All Video Games	1587283273289	1587283273305	OK	 
REQUEST	4		Get Specific game	1587283273279	1587283273305	OK	 
REQUEST	2		Get Specific game	1587283273279	1587283273308	OK	 
REQUEST	1		Get Specific game	1587283273278	1587283273305	OK	 
REQUEST	5		Get All Video Games	1587283273304	1587283273317	OK	 
REQUEST	2		Get All Video Games	1587283273311	1587283273324	OK	 
REQUEST	5		Get All Video Games	1587283273320	1587283273330	OK	 
REQUEST	3		Get All Video Games	1587283273307	1587283273332	OK	 
REQUEST	4		Get All Video Games	1587283273310	1587283273336	OK	 
USER	Code Reuse	3	END	1587283272933	1587283273340
REQUEST	6		Get All Video Games	1587283273313	1587283273347	OK	 
USER	Code Reuse	6	END	1587283272961	1587283273348
REQUEST	2		Get All Video Games	1587283273327	1587283273350	OK	 
REQUEST	1		Get All Video Games	1587283273311	1587283273352	OK	 
REQUEST	4		Get All Video Games	1587283273340	1587283273359	OK	 
REQUEST	2		Get All Video Games	1587283273351	1587283273373	OK	 
REQUEST	1		Get All Video Games	1587283273353	1587283273374	OK	 
REQUEST	5		Get All Video Games	1587283273332	1587283273375	OK	 
USER	Code Reuse	2	END	1587283272933	1587283273374
USER	Code Reuse	5	END	1587283272933	1587283273376
REQUEST	4		Get All Video Games	1587283273376	1587283273386	OK	 
REQUEST	1		Get All Video Games	1587283273378	1587283273388	OK	 
USER	Code Reuse	4	END	1587283272933	1587283273387
USER	Code Reuse	1	END	1587283272933	1587283273389
USER	Code Reuse	7	START	1587283273941	1587283273941
REQUEST	7		Get All Video Games	1587283273942	1587283273950	OK	 
REQUEST	7		Get All Video Games	1587283273950	1587283273954	OK	 
REQUEST	7		Get All Video Games	1587283273955	1587283273959	OK	 
REQUEST	7		Get Specific game	1587283273959	1587283273963	OK	 
REQUEST	7		Get Specific game	1587283273964	1587283273968	OK	 
REQUEST	7		Get Specific game	1587283273968	1587283273973	OK	 
REQUEST	7		Get Specific game	1587283273974	1587283273978	OK	 
REQUEST	7		Get Specific game	1587283273979	1587283273982	OK	 
REQUEST	7		Get All Video Games	1587283273983	1587283273986	OK	 
REQUEST	7		Get All Video Games	1587283273987	1587283273991	OK	 
REQUEST	7		Get All Video Games	1587283273992	1587283273996	OK	 
USER	Code Reuse	7	END	1587283273941	1587283273996
USER	Code Reuse	8	START	1587283274940	1587283274940
REQUEST	8		Get All Video Games	1587283274941	1587283274947	OK	 
REQUEST	8		Get All Video Games	1587283274947	1587283274951	OK	 
REQUEST	8		Get All Video Games	1587283274952	1587283274956	OK	 
REQUEST	8		Get Specific game	1587283274957	1587283274960	OK	 
REQUEST	8		Get Specific game	1587283274961	1587283274965	OK	 
REQUEST	8		Get Specific game	1587283274966	1587283274969	OK	 
REQUEST	8		Get Specific game	1587283274970	1587283274974	OK	 
REQUEST	8		Get Specific game	1587283274975	1587283274979	OK	 
REQUEST	8		Get All Video Games	1587283274979	1587283274983	OK	 
REQUEST	8		Get All Video Games	1587283274984	1587283274988	OK	 
REQUEST	8		Get All Video Games	1587283274989	1587283274993	OK	 
USER	Code Reuse	8	END	1587283274940	1587283274993
USER	Code Reuse	9	START	1587283275942	1587283275942
REQUEST	9		Get All Video Games	1587283275943	1587283275948	OK	 
REQUEST	9		Get All Video Games	1587283275949	1587283275953	OK	 
REQUEST	9		Get All Video Games	1587283275954	1587283275958	OK	 
REQUEST	9		Get Specific game	1587283275959	1587283275962	OK	 
REQUEST	9		Get Specific game	1587283275963	1587283275970	OK	 
REQUEST	9		Get Specific game	1587283275972	1587283275981	OK	 
REQUEST	9		Get Specific game	1587283275983	1587283275987	OK	 
REQUEST	9		Get Specific game	1587283275988	1587283275992	OK	 
REQUEST	9		Get All Video Games	1587283275993	1587283275996	OK	 
REQUEST	9		Get All Video Games	1587283275997	1587283276000	OK	 
REQUEST	9		Get All Video Games	1587283276001	1587283276005	OK	 
USER	Code Reuse	9	END	1587283275942	1587283276005
USER	Code Reuse	10	START	1587283276940	1587283276940
REQUEST	10		Get All Video Games	1587283276941	1587283276946	OK	 
REQUEST	10		Get All Video Games	1587283276947	1587283276951	OK	 
REQUEST	10		Get All Video Games	1587283276952	1587283276955	OK	 
REQUEST	10		Get Specific game	1587283276956	1587283276959	OK	 
REQUEST	10		Get Specific game	1587283276960	1587283276964	OK	 
REQUEST	10		Get Specific game	1587283276965	1587283276970	OK	 
REQUEST	10		Get Specific game	1587283276971	1587283276975	OK	 
REQUEST	10		Get Specific game	1587283276975	1587283276993	OK	 
REQUEST	10		Get All Video Games	1587283276994	1587283276998	OK	 
REQUEST	10		Get All Video Games	1587283277000	1587283277004	OK	 
REQUEST	10		Get All Video Games	1587283277005	1587283277010	OK	 
USER	Code Reuse	10	END	1587283276940	1587283277011
USER	Code Reuse	11	START	1587283277953	1587283277953
REQUEST	11		Get All Video Games	1587283277954	1587283277960	OK	 
REQUEST	11		Get All Video Games	1587283277960	1587283277963	OK	 
REQUEST	11		Get All Video Games	1587283277964	1587283277967	OK	 
REQUEST	11		Get Specific game	1587283277968	1587283277972	OK	 
REQUEST	11		Get Specific game	1587283277973	1587283277976	OK	 
REQUEST	11		Get Specific game	1587283277977	1587283277980	OK	 
REQUEST	11		Get Specific game	1587283277981	1587283277984	OK	 
REQUEST	11		Get Specific game	1587283277985	1587283277989	OK	 
REQUEST	11		Get All Video Games	1587283277989	1587283277993	OK	 
REQUEST	11		Get All Video Games	1587283277994	1587283278001	OK	 
REQUEST	11		Get All Video Games	1587283278004	1587283278008	OK	 
USER	Code Reuse	11	END	1587283277953	1587283278009
USER	Code Reuse	12	START	1587283278954	1587283278954
REQUEST	12		Get All Video Games	1587283278954	1587283278960	OK	 
REQUEST	12		Get All Video Games	1587283278961	1587283278964	OK	 
REQUEST	12		Get All Video Games	1587283278964	1587283278968	OK	 
REQUEST	12		Get Specific game	1587283278969	1587283278972	OK	 
REQUEST	12		Get Specific game	1587283278973	1587283278976	OK	 
REQUEST	12		Get Specific game	1587283278977	1587283278980	OK	 
REQUEST	12		Get Specific game	1587283278981	1587283278984	OK	 
REQUEST	12		Get Specific game	1587283278985	1587283278989	OK	 
REQUEST	12		Get All Video Games	1587283278990	1587283278994	OK	 
REQUEST	12		Get All Video Games	1587283278995	1587283278998	OK	 
REQUEST	12		Get All Video Games	1587283278999	1587283279002	OK	 
USER	Code Reuse	12	END	1587283278954	1587283279003
USER	Code Reuse	13	START	1587283279939	1587283279939
REQUEST	13		Get All Video Games	1587283279940	1587283279945	OK	 
REQUEST	13		Get All Video Games	1587283279946	1587283279949	OK	 
REQUEST	13		Get All Video Games	1587283279950	1587283279954	OK	 
REQUEST	13		Get Specific game	1587283279954	1587283279957	OK	 
REQUEST	13		Get Specific game	1587283279958	1587283279961	OK	 
REQUEST	13		Get Specific game	1587283279962	1587283279965	OK	 
REQUEST	13		Get Specific game	1587283279966	1587283279969	OK	 
REQUEST	13		Get Specific game	1587283279970	1587283279973	OK	 
REQUEST	13		Get All Video Games	1587283279973	1587283279976	OK	 
REQUEST	13		Get All Video Games	1587283279977	1587283279981	OK	 
REQUEST	13		Get All Video Games	1587283279981	1587283279984	OK	 
USER	Code Reuse	13	END	1587283279939	1587283279985
USER	Code Reuse	14	START	1587283280951	1587283280951
REQUEST	14		Get All Video Games	1587283280952	1587283280957	OK	 
REQUEST	14		Get All Video Games	1587283280957	1587283280961	OK	 
REQUEST	14		Get All Video Games	1587283280961	1587283280964	OK	 
REQUEST	14		Get Specific game	1587283280965	1587283280968	OK	 
REQUEST	14		Get Specific game	1587283280969	1587283280972	OK	 
REQUEST	14		Get Specific game	1587283280973	1587283280977	OK	 
REQUEST	14		Get Specific game	1587283280977	1587283280980	OK	 
REQUEST	14		Get Specific game	1587283280981	1587283280984	OK	 
REQUEST	14		Get All Video Games	1587283280985	1587283280988	OK	 
REQUEST	14		Get All Video Games	1587283280989	1587283280992	OK	 
REQUEST	14		Get All Video Games	1587283280992	1587283280995	OK	 
USER	Code Reuse	14	END	1587283280951	1587283280996
USER	Code Reuse	15	START	1587283281955	1587283281955
REQUEST	15		Get All Video Games	1587283281956	1587283281961	OK	 
REQUEST	15		Get All Video Games	1587283281961	1587283281965	OK	 
REQUEST	15		Get All Video Games	1587283281965	1587283281969	OK	 
REQUEST	15		Get Specific game	1587283281969	1587283281972	OK	 
REQUEST	15		Get Specific game	1587283281973	1587283281977	OK	 
REQUEST	15		Get Specific game	1587283281977	1587283281980	OK	 
REQUEST	15		Get Specific game	1587283281981	1587283281984	OK	 
REQUEST	15		Get Specific game	1587283281985	1587283281988	OK	 
REQUEST	15		Get All Video Games	1587283281989	1587283281992	OK	 
REQUEST	15		Get All Video Games	1587283281993	1587283281996	OK	 
REQUEST	15		Get All Video Games	1587283281997	1587283282000	OK	 
USER	Code Reuse	15	END	1587283281955	1587283282001
