RUN	BasicLoadSimulation	basicloadsimulation	1587283005051	 	3.3.1
USER	Code Reuse	3	START	1587283012466	1587283012466
USER	Code Reuse	6	START	1587283012476	1587283012476
USER	Code Reuse	4	START	1587283012467	1587283012467
USER	Code Reuse	1	START	1587283012466	1587283012466
USER	Code Reuse	2	START	1587283012466	1587283012466
USER	Code Reuse	5	START	1587283012466	1587283012466
REQUEST	4		Get All Video Games	1587283012539	1587283012604	OK	 
REQUEST	3		Get All Video Games	1587283012538	1587283012613	OK	 
REQUEST	6		Get All Video Games	1587283012538	1587283012617	OK	 
REQUEST	1		Get All Video Games	1587283012539	1587283012608	OK	 
REQUEST	2		Get All Video Games	1587283012538	1587283012604	OK	 
REQUEST	5		Get All Video Games	1587283012538	1587283012604	OK	 
REQUEST	4		Get All Video Games	1587283012637	1587283012658	OK	 
REQUEST	3		Get All Video Games	1587283012638	1587283012668	OK	 
REQUEST	4		Get All Video Games	1587283012664	1587283012679	OK	 
REQUEST	1		Get All Video Games	1587283012640	1587283012688	OK	 
REQUEST	5		Get All Video Games	1587283012647	1587283012694	OK	 
REQUEST	6		Get All Video Games	1587283012639	1587283012704	OK	 
REQUEST	3		Get All Video Games	1587283012673	1587283012704	OK	 
REQUEST	2		Get All Video Games	1587283012641	1587283012708	OK	 
REQUEST	1		Get All Video Games	1587283012696	1587283012716	OK	 
REQUEST	2		Get All Video Games	1587283012711	1587283012726	OK	 
REQUEST	5		Get All Video Games	1587283012695	1587283012727	OK	 
REQUEST	6		Get All Video Games	1587283012706	1587283012728	OK	 
USER	Code Reuse	7	START	1587283013465	1587283013465
REQUEST	7		Get All Video Games	1587283013466	1587283013476	OK	 
REQUEST	7		Get All Video Games	1587283013477	1587283013481	OK	 
REQUEST	7		Get All Video Games	1587283013482	1587283013486	OK	 
USER	Code Reuse	8	START	1587283014469	1587283014469
REQUEST	8		Get All Video Games	1587283014470	1587283014476	OK	 
REQUEST	8		Get All Video Games	1587283014477	1587283014481	OK	 
REQUEST	8		Get All Video Games	1587283014482	1587283014486	OK	 
USER	Code Reuse	9	START	1587283015455	1587283015455
REQUEST	9		Get All Video Games	1587283015456	1587283015462	OK	 
REQUEST	9		Get All Video Games	1587283015463	1587283015467	OK	 
REQUEST	9		Get All Video Games	1587283015468	1587283015472	OK	 
USER	Code Reuse	10	START	1587283016467	1587283016467
REQUEST	10		Get All Video Games	1587283016468	1587283016475	OK	 
REQUEST	10		Get All Video Games	1587283016476	1587283016480	OK	 
REQUEST	10		Get All Video Games	1587283016481	1587283016485	OK	 
USER	Code Reuse	11	START	1587283017470	1587283017470
REQUEST	11		Get All Video Games	1587283017472	1587283017478	OK	 
REQUEST	11		Get All Video Games	1587283017479	1587283017484	OK	 
REQUEST	11		Get All Video Games	1587283017485	1587283017489	OK	 
REQUEST	4		Get Specific game	1587283017680	1587283017685	OK	 
REQUEST	4		Get Specific game	1587283017686	1587283017691	OK	 
REQUEST	4		Get Specific game	1587283017692	1587283017699	OK	 
REQUEST	5		Get Specific game	1587283017700	1587283017706	OK	 
REQUEST	1		Get Specific game	1587283017700	1587283017706	OK	 
REQUEST	4		Get Specific game	1587283017700	1587283017709	OK	 
REQUEST	5		Get Specific game	1587283017707	1587283017713	OK	 
REQUEST	4		Get Specific game	1587283017710	1587283017720	OK	 
REQUEST	2		Get Specific game	1587283017715	1587283017721	OK	 
REQUEST	1		Get Specific game	1587283017707	1587283017721	OK	 
REQUEST	5		Get Specific game	1587283017714	1587283017724	OK	 
REQUEST	3		Get Specific game	1587283017720	1587283017731	OK	 
REQUEST	2		Get Specific game	1587283017722	1587283017736	OK	 
REQUEST	6		Get Specific game	1587283017724	1587283017739	OK	 
REQUEST	1		Get Specific game	1587283017731	1587283017750	OK	 
REQUEST	3		Get Specific game	1587283017732	1587283017752	OK	 
REQUEST	2		Get Specific game	1587283017737	1587283017751	OK	 
REQUEST	5		Get Specific game	1587283017732	1587283017755	OK	 
REQUEST	1		Get Specific game	1587283017752	1587283017765	OK	 
REQUEST	3		Get Specific game	1587283017753	1587283017772	OK	 
REQUEST	2		Get Specific game	1587283017758	1587283017772	OK	 
REQUEST	6		Get Specific game	1587283017751	1587283017772	OK	 
REQUEST	5		Get Specific game	1587283017759	1587283017772	OK	 
REQUEST	2		Get Specific game	1587283017773	1587283017782	OK	 
REQUEST	3		Get Specific game	1587283017773	1587283017783	OK	 
REQUEST	1		Get Specific game	1587283017774	1587283017787	OK	 
REQUEST	6		Get Specific game	1587283017774	1587283017792	OK	 
REQUEST	3		Get Specific game	1587283017784	1587283017792	OK	 
REQUEST	6		Get Specific game	1587283017793	1587283017799	OK	 
REQUEST	6		Get Specific game	1587283017800	1587283017804	OK	 
USER	Code Reuse	12	START	1587283018467	1587283018467
REQUEST	12		Get All Video Games	1587283018468	1587283018481	OK	 
REQUEST	12		Get All Video Games	1587283018482	1587283018487	OK	 
REQUEST	12		Get All Video Games	1587283018488	1587283018492	OK	 
REQUEST	7		Get Specific game	1587283018506	1587283018510	OK	 
REQUEST	7		Get Specific game	1587283018511	1587283018515	OK	 
REQUEST	7		Get Specific game	1587283018516	1587283018520	OK	 
REQUEST	7		Get Specific game	1587283018521	1587283018525	OK	 
REQUEST	7		Get Specific game	1587283018526	1587283018531	OK	 
USER	Code Reuse	13	START	1587283019470	1587283019470
REQUEST	13		Get All Video Games	1587283019471	1587283019476	OK	 
REQUEST	13		Get All Video Games	1587283019476	1587283019481	OK	 
REQUEST	13		Get All Video Games	1587283019482	1587283019487	OK	 
REQUEST	8		Get Specific game	1587283019496	1587283019500	OK	 
REQUEST	8		Get Specific game	1587283019501	1587283019504	OK	 
REQUEST	8		Get Specific game	1587283019505	1587283019509	OK	 
REQUEST	8		Get Specific game	1587283019510	1587283019514	OK	 
REQUEST	8		Get Specific game	1587283019514	1587283019518	OK	 
USER	Code Reuse	14	START	1587283020470	1587283020470
REQUEST	14		Get All Video Games	1587283020471	1587283020476	OK	 
REQUEST	14		Get All Video Games	1587283020477	1587283020483	OK	 
REQUEST	14		Get All Video Games	1587283020484	1587283020492	OK	 
REQUEST	9		Get Specific game	1587283020486	1587283020493	OK	 
REQUEST	9		Get Specific game	1587283020494	1587283020498	OK	 
REQUEST	9		Get Specific game	1587283020499	1587283020505	OK	 
REQUEST	9		Get Specific game	1587283020505	1587283020510	OK	 
REQUEST	9		Get Specific game	1587283020511	1587283020515	OK	 
USER	Code Reuse	15	START	1587283021458	1587283021458
REQUEST	15		Get All Video Games	1587283021458	1587283021464	OK	 
REQUEST	15		Get All Video Games	1587283021464	1587283021468	OK	 
REQUEST	15		Get All Video Games	1587283021469	1587283021473	OK	 
REQUEST	10		Get Specific game	1587283021499	1587283021504	OK	 
REQUEST	10		Get Specific game	1587283021504	1587283021508	OK	 
REQUEST	10		Get Specific game	1587283021509	1587283021513	OK	 
REQUEST	10		Get Specific game	1587283021513	1587283021517	OK	 
REQUEST	10		Get Specific game	1587283021518	1587283021522	OK	 
REQUEST	11		Get Specific game	1587283022508	1587283022512	OK	 
REQUEST	11		Get Specific game	1587283022513	1587283022517	OK	 
REQUEST	11		Get Specific game	1587283022518	1587283022521	OK	 
REQUEST	11		Get Specific game	1587283022522	1587283022527	OK	 
REQUEST	11		Get Specific game	1587283022527	1587283022531	OK	 
REQUEST	4		Get All Video Games	1587283022696	1587283022700	OK	 
REQUEST	4		Get All Video Games	1587283022700	1587283022704	OK	 
REQUEST	4		Get All Video Games	1587283022706	1587283022711	OK	 
USER	Code Reuse	4	END	1587283012467	1587283022717
REQUEST	1		Get All Video Games	1587283022766	1587283022775	OK	 
REQUEST	3		Get All Video Games	1587283022767	1587283022777	OK	 
REQUEST	5		Get All Video Games	1587283022766	1587283022779	OK	 
REQUEST	2		Get All Video Games	1587283022767	1587283022781	OK	 
REQUEST	1		Get All Video Games	1587283022775	1587283022787	OK	 
REQUEST	3		Get All Video Games	1587283022778	1587283022788	OK	 
REQUEST	5		Get All Video Games	1587283022779	1587283022789	OK	 
REQUEST	6		Get All Video Games	1587283022786	1587283022794	OK	 
REQUEST	2		Get All Video Games	1587283022782	1587283022797	OK	 
REQUEST	1		Get All Video Games	1587283022792	1587283022802	OK	 
USER	Code Reuse	1	END	1587283012466	1587283022803
REQUEST	5		Get All Video Games	1587283022791	1587283022804	OK	 
USER	Code Reuse	5	END	1587283012466	1587283022804
REQUEST	3		Get All Video Games	1587283022791	1587283022807	OK	 
USER	Code Reuse	3	END	1587283012466	1587283022808
REQUEST	2		Get All Video Games	1587283022799	1587283022808	OK	 
USER	Code Reuse	2	END	1587283012466	1587283022809
REQUEST	6		Get All Video Games	1587283022796	1587283022812	OK	 
REQUEST	6		Get All Video Games	1587283022813	1587283022819	OK	 
USER	Code Reuse	6	END	1587283012476	1587283022820
REQUEST	12		Get Specific game	1587283023497	1587283023502	OK	 
REQUEST	12		Get Specific game	1587283023502	1587283023506	OK	 
REQUEST	12		Get Specific game	1587283023507	1587283023511	OK	 
REQUEST	12		Get Specific game	1587283023512	1587283023515	OK	 
REQUEST	12		Get Specific game	1587283023516	1587283023520	OK	 
REQUEST	7		Get All Video Games	1587283023528	1587283023532	OK	 
REQUEST	7		Get All Video Games	1587283023533	1587283023536	OK	 
REQUEST	7		Get All Video Games	1587283023537	1587283023541	OK	 
USER	Code Reuse	7	END	1587283013465	1587283023542
REQUEST	13		Get Specific game	1587283024500	1587283024505	OK	 
REQUEST	13		Get Specific game	1587283024506	1587283024510	OK	 
REQUEST	13		Get Specific game	1587283024512	1587283024516	OK	 
REQUEST	13		Get Specific game	1587283024517	1587283024523	OK	 
REQUEST	13		Get Specific game	1587283024524	1587283024529	OK	 
REQUEST	8		Get All Video Games	1587283024528	1587283024533	OK	 
REQUEST	8		Get All Video Games	1587283024533	1587283024543	OK	 
REQUEST	8		Get All Video Games	1587283024545	1587283024552	OK	 
USER	Code Reuse	8	END	1587283014469	1587283024553
REQUEST	14		Get Specific game	1587283025508	1587283025512	OK	 
REQUEST	14		Get Specific game	1587283025513	1587283025516	OK	 
REQUEST	14		Get Specific game	1587283025517	1587283025520	OK	 
REQUEST	14		Get Specific game	1587283025521	1587283025524	OK	 
REQUEST	14		Get Specific game	1587283025525	1587283025529	OK	 
REQUEST	9		Get All Video Games	1587283025530	1587283025533	OK	 
REQUEST	9		Get All Video Games	1587283025534	1587283025537	OK	 
REQUEST	9		Get All Video Games	1587283025540	1587283025545	OK	 
USER	Code Reuse	9	END	1587283015455	1587283025546
REQUEST	15		Get Specific game	1587283026488	1587283026493	OK	 
REQUEST	15		Get Specific game	1587283026493	1587283026496	OK	 
REQUEST	15		Get Specific game	1587283026497	1587283026500	OK	 
REQUEST	15		Get Specific game	1587283026501	1587283026504	OK	 
REQUEST	15		Get Specific game	1587283026505	1587283026508	OK	 
REQUEST	10		Get All Video Games	1587283026520	1587283026524	OK	 
REQUEST	10		Get All Video Games	1587283026524	1587283026528	OK	 
REQUEST	10		Get All Video Games	1587283026528	1587283026532	OK	 
USER	Code Reuse	10	END	1587283016467	1587283026533
REQUEST	11		Get All Video Games	1587283027527	1587283027531	OK	 
REQUEST	11		Get All Video Games	1587283027531	1587283027535	OK	 
REQUEST	11		Get All Video Games	1587283027535	1587283027539	OK	 
USER	Code Reuse	11	END	1587283017470	1587283027539
REQUEST	12		Get All Video Games	1587283028537	1587283028541	OK	 
REQUEST	12		Get All Video Games	1587283028541	1587283028545	OK	 
REQUEST	12		Get All Video Games	1587283028545	1587283028549	OK	 
USER	Code Reuse	12	END	1587283018467	1587283028549
REQUEST	13		Get All Video Games	1587283029539	1587283029542	OK	 
REQUEST	13		Get All Video Games	1587283029543	1587283029546	OK	 
REQUEST	13		Get All Video Games	1587283029547	1587283029551	OK	 
USER	Code Reuse	13	END	1587283019470	1587283029552
REQUEST	14		Get All Video Games	1587283030526	1587283030530	OK	 
REQUEST	14		Get All Video Games	1587283030531	1587283030534	OK	 
REQUEST	14		Get All Video Games	1587283030535	1587283030538	OK	 
USER	Code Reuse	14	END	1587283020470	1587283030539
REQUEST	15		Get All Video Games	1587283031506	1587283031510	OK	 
REQUEST	15		Get All Video Games	1587283031511	1587283031515	OK	 
REQUEST	15		Get All Video Games	1587283031515	1587283031519	OK	 
USER	Code Reuse	15	END	1587283021458	1587283031519
