RUN	BasicLoadSimulation	basicloadsimulation	1587283389484	 	3.3.1
USER	Code Reuse	7	START	1587283392767	1587283392767
USER	Code Reuse	6	START	1587283392766	1587283392766
USER	Code Reuse	9	START	1587283392768	1587283392768
USER	Code Reuse	13	START	1587283392865	1587283392865
USER	Code Reuse	15	START	1587283392866	1587283392866
USER	Code Reuse	16	START	1587283392867	1587283392867
USER	Code Reuse	14	START	1587283392865	1587283392865
USER	Code Reuse	17	START	1587283392868	1587283392868
USER	Code Reuse	12	START	1587283392768	1587283392768
USER	Code Reuse	8	START	1587283392767	1587283392767
USER	Code Reuse	3	START	1587283392765	1587283392765
USER	Code Reuse	1	START	1587283392765	1587283392765
USER	Code Reuse	4	START	1587283392766	1587283392766
USER	Code Reuse	11	START	1587283392768	1587283392768
USER	Code Reuse	10	START	1587283392768	1587283392768
USER	Code Reuse	5	START	1587283392766	1587283392766
USER	Code Reuse	2	START	1587283392765	1587283392765
USER	Code Reuse	18	START	1587283392903	1587283392903
USER	Code Reuse	19	START	1587283392955	1587283392955
REQUEST	3		Get All Video Games	1587283392859	1587283392943	OK	 
REQUEST	6		Get All Video Games	1587283392857	1587283392961	OK	 
REQUEST	8		Get All Video Games	1587283392863	1587283392943	OK	 
REQUEST	2		Get All Video Games	1587283392862	1587283392951	OK	 
REQUEST	1		Get All Video Games	1587283392860	1587283392943	OK	 
REQUEST	4		Get All Video Games	1587283392859	1587283392952	OK	 
REQUEST	16		Get All Video Games	1587283392867	1587283392998	OK	 
REQUEST	11		Get All Video Games	1587283392860	1587283392998	OK	 
REQUEST	12		Get All Video Games	1587283392860	1587283393001	OK	 
REQUEST	17		Get All Video Games	1587283392869	1587283393001	OK	 
REQUEST	15		Get All Video Games	1587283392867	1587283393002	OK	 
REQUEST	10		Get All Video Games	1587283392862	1587283393004	OK	 
USER	Code Reuse	20	START	1587283393004	1587283393004
REQUEST	7		Get All Video Games	1587283392861	1587283393018	OK	 
REQUEST	19		Get All Video Games	1587283392956	1587283393029	OK	 
REQUEST	13		Get All Video Games	1587283392865	1587283393046	OK	 
REQUEST	5		Get All Video Games	1587283392864	1587283393049	OK	 
USER	Code Reuse	21	START	1587283393051	1587283393051
REQUEST	14		Get All Video Games	1587283392866	1587283393057	OK	 
REQUEST	9		Get All Video Games	1587283392859	1587283393062	OK	 
REQUEST	5		Get All Video Games	1587283393051	1587283393064	OK	 
REQUEST	18		Get All Video Games	1587283392904	1587283393066	OK	 
REQUEST	3		Get All Video Games	1587283392995	1587283393072	OK	 
REQUEST	6		Get All Video Games	1587283392995	1587283393074	OK	 
REQUEST	4		Get All Video Games	1587283392999	1587283393078	OK	 
REQUEST	15		Get All Video Games	1587283393005	1587283393081	OK	 
REQUEST	11		Get All Video Games	1587283393000	1587283393086	OK	 
REQUEST	1		Get All Video Games	1587283392999	1587283393090	OK	 
REQUEST	8		Get All Video Games	1587283392995	1587283393094	OK	 
REQUEST	1		Get All Video Games	1587283393091	1587283393096	OK	 
USER	Code Reuse	22	START	1587283393101	1587283393101
REQUEST	10		Get All Video Games	1587283393005	1587283393104	OK	 
REQUEST	16		Get All Video Games	1587283393001	1587283393109	OK	 
REQUEST	22		Get All Video Games	1587283393102	1587283393111	OK	 
REQUEST	19		Get All Video Games	1587283393031	1587283393114	OK	 
REQUEST	22		Get All Video Games	1587283393113	1587283393125	OK	 
REQUEST	7		Get All Video Games	1587283393020	1587283393128	OK	 
REQUEST	13		Get All Video Games	1587283393048	1587283393136	OK	 
REQUEST	13		Get All Video Games	1587283393137	1587283393146	OK	 
USER	Code Reuse	23	START	1587283393148	1587283393148
REQUEST	9		Get All Video Games	1587283393063	1587283393156	OK	 
REQUEST	5		Get All Video Games	1587283393065	1587283393164	OK	 
REQUEST	14		Get All Video Games	1587283393062	1587283393167	OK	 
REQUEST	12		Get All Video Games	1587283393004	1587283393174	OK	 
REQUEST	2		Get All Video Games	1587283392997	1587283393175	OK	 
REQUEST	10		Get All Video Games	1587283393105	1587283393180	OK	 
REQUEST	17		Get All Video Games	1587283393009	1587283393184	OK	 
REQUEST	16		Get All Video Games	1587283393110	1587283393189	OK	 
REQUEST	19		Get All Video Games	1587283393115	1587283393196	OK	 
REQUEST	10		Get Specific game	1587283393181	1587283393196	OK	 
USER	Code Reuse	24	START	1587283393203	1587283393203
REQUEST	10		Get Specific game	1587283393198	1587283393208	OK	 
REQUEST	7		Get All Video Games	1587283393129	1587283393213	OK	 
REQUEST	10		Get Specific game	1587283393209	1587283393218	OK	 
REQUEST	21		Get All Video Games	1587283393052	1587283393226	OK	 
REQUEST	9		Get All Video Games	1587283393157	1587283393234	OK	 
REQUEST	9		Get Specific game	1587283393235	1587283393241	OK	 
REQUEST	23		Get All Video Games	1587283393148	1587283393247	OK	 
USER	Code Reuse	25	START	1587283393253	1587283393253
REQUEST	13		Get Specific game	1587283393147	1587283393261	OK	 
REQUEST	13		Get Specific game	1587283393263	1587283393271	OK	 
REQUEST	5		Get Specific game	1587283393165	1587283393273	OK	 
REQUEST	18		Get All Video Games	1587283393068	1587283393279	OK	 
REQUEST	14		Get All Video Games	1587283393168	1587283393285	OK	 
REQUEST	3		Get All Video Games	1587283393073	1587283393294	OK	 
REQUEST	20		Get All Video Games	1587283393006	1587283393295	OK	 
REQUEST	4		Get All Video Games	1587283393079	1587283393301	OK	 
REQUEST	6		Get All Video Games	1587283393075	1587283393304	OK	 
REQUEST	4		Get Specific game	1587283393301	1587283393310	OK	 
REQUEST	15		Get All Video Games	1587283393082	1587283393315	OK	 
REQUEST	4		Get Specific game	1587283393312	1587283393323	OK	 
REQUEST	11		Get All Video Games	1587283393087	1587283393328	OK	 
REQUEST	4		Get Specific game	1587283393326	1587283393332	OK	 
REQUEST	8		Get All Video Games	1587283393095	1587283393336	OK	 
REQUEST	8		Get Specific game	1587283393337	1587283393342	OK	 
REQUEST	4		Get Specific game	1587283393338	1587283393344	OK	 
REQUEST	1		Get Specific game	1587283393097	1587283393350	OK	 
REQUEST	12		Get All Video Games	1587283393176	1587283393353	OK	 
REQUEST	12		Get Specific game	1587283393353	1587283393358	OK	 
REQUEST	2		Get All Video Games	1587283393176	1587283393360	OK	 
REQUEST	17		Get All Video Games	1587283393185	1587283393366	OK	 
USER	Code Reuse	26	START	1587283393371	1587283393371
USER	Code Reuse	27	START	1587283393377	1587283393377
REQUEST	16		Get Specific game	1587283393191	1587283393385	OK	 
REQUEST	19		Get Specific game	1587283393197	1587283393391	OK	 
REQUEST	22		Get All Video Games	1587283393126	1587283393394	OK	 
REQUEST	21		Get All Video Games	1587283393227	1587283393399	OK	 
REQUEST	7		Get Specific game	1587283393213	1587283393400	OK	 
USER	Code Reuse	28	START	1587283393403	1587283393403
REQUEST	23		Get All Video Games	1587283393251	1587283393408	OK	 
REQUEST	7		Get Specific game	1587283393401	1587283393410	OK	 
REQUEST	25		Get All Video Games	1587283393253	1587283393414	OK	 
REQUEST	24		Get All Video Games	1587283393205	1587283393414	OK	 
REQUEST	5		Get Specific game	1587283393274	1587283393419	OK	 
REQUEST	18		Get All Video Games	1587283393280	1587283393423	OK	 
REQUEST	13		Get Specific game	1587283393277	1587283393427	OK	 
REQUEST	14		Get Specific game	1587283393286	1587283393428	OK	 
REQUEST	20		Get All Video Games	1587283393296	1587283393432	OK	 
REQUEST	14		Get Specific game	1587283393429	1587283393434	OK	 
REQUEST	20		Get All Video Games	1587283393433	1587283393437	OK	 
REQUEST	6		Get Specific game	1587283393305	1587283393441	OK	 
REQUEST	20		Get Specific game	1587283393438	1587283393445	OK	 
REQUEST	15		Get Specific game	1587283393316	1587283393449	OK	 
REQUEST	20		Get Specific game	1587283393447	1587283393455	OK	 
REQUEST	11		Get Specific game	1587283393329	1587283393459	OK	 
REQUEST	20		Get Specific game	1587283393457	1587283393463	OK	 
REQUEST	11		Get Specific game	1587283393460	1587283393465	OK	 
USER	Code Reuse	29	START	1587283393468	1587283393468
REQUEST	8		Get Specific game	1587283393346	1587283393472	OK	 
REQUEST	4		Get Specific game	1587283393346	1587283393475	OK	 
REQUEST	1		Get Specific game	1587283393351	1587283393475	OK	 
REQUEST	12		Get Specific game	1587283393359	1587283393480	OK	 
REQUEST	8		Get Specific game	1587283393477	1587283393484	OK	 
REQUEST	2		Get Specific game	1587283393361	1587283393486	OK	 
REQUEST	26		Get All Video Games	1587283393372	1587283393488	OK	 
REQUEST	8		Get Specific game	1587283393485	1587283393490	OK	 
REQUEST	16		Get Specific game	1587283393386	1587283393492	OK	 
REQUEST	17		Get Specific game	1587283393367	1587283393497	OK	 
REQUEST	16		Get Specific game	1587283393493	1587283393501	OK	 
REQUEST	10		Get Specific game	1587283393220	1587283393502	OK	 
REQUEST	21		Get All Video Games	1587283393402	1587283393514	OK	 
REQUEST	9		Get Specific game	1587283393242	1587283393515	OK	 
REQUEST	22		Get Specific game	1587283393396	1587283393517	OK	 
REQUEST	29		Get All Video Games	1587283393469	1587283393518	OK	 
REQUEST	27		Get All Video Games	1587283393378	1587283393519	OK	 
USER	Code Reuse	30	START	1587283393519	1587283393519
REQUEST	7		Get Specific game	1587283393411	1587283393521	OK	 
REQUEST	10		Get Specific game	1587283393514	1587283393529	OK	 
REQUEST	10		Get All Video Games	1587283393530	1587283393535	OK	 
REQUEST	28		Get All Video Games	1587283393404	1587283393542	OK	 
REQUEST	28		Get All Video Games	1587283393543	1587283393553	OK	 
USER	Code Reuse	31	START	1587283393555	1587283393555
REQUEST	24		Get All Video Games	1587283393415	1587283393565	OK	 
REQUEST	31		Get All Video Games	1587283393556	1587283393566	OK	 
REQUEST	31		Get All Video Games	1587283393567	1587283393574	OK	 
REQUEST	25		Get All Video Games	1587283393415	1587283393581	OK	 
REQUEST	5		Get Specific game	1587283393421	1587283393585	OK	 
REQUEST	5		Get Specific game	1587283393585	1587283393590	OK	 
REQUEST	18		Get Specific game	1587283393423	1587283393591	OK	 
REQUEST	13		Get Specific game	1587283393428	1587283393598	OK	 
REQUEST	3		Get Specific game	1587283393295	1587283393602	OK	 
REQUEST	14		Get Specific game	1587283393436	1587283393602	OK	 
REQUEST	6		Get Specific game	1587283393442	1587283393607	OK	 
REQUEST	15		Get Specific game	1587283393451	1587283393608	OK	 
REQUEST	20		Get Specific game	1587283393464	1587283393612	OK	 
REQUEST	15		Get Specific game	1587283393609	1587283393614	OK	 
REQUEST	11		Get Specific game	1587283393466	1587283393617	OK	 
REQUEST	4		Get All Video Games	1587283393476	1587283393620	OK	 
REQUEST	1		Get Specific game	1587283393476	1587283393623	OK	 
REQUEST	4		Get All Video Games	1587283393621	1587283393627	OK	 
REQUEST	1		Get Specific game	1587283393624	1587283393631	OK	 
REQUEST	4		Get All Video Games	1587283393628	1587283393636	OK	 
REQUEST	1		Get Specific game	1587283393633	1587283393639	OK	 
USER	Code Reuse	4	END	1587283392766	1587283393643
REQUEST	1		Get All Video Games	1587283393640	1587283393647	OK	 
REQUEST	12		Get Specific game	1587283393480	1587283393649	OK	 
USER	Code Reuse	32	START	1587283393651	1587283393651
REQUEST	26		Get All Video Games	1587283393489	1587283393655	OK	 
REQUEST	8		Get Specific game	1587283393491	1587283393661	OK	 
USER	Code Reuse	33	START	1587283393663	1587283393663
REQUEST	17		Get Specific game	1587283393497	1587283393666	OK	 
REQUEST	8		Get All Video Games	1587283393662	1587283393668	OK	 
REQUEST	19		Get Specific game	1587283393392	1587283393670	OK	 
REQUEST	23		Get All Video Games	1587283393409	1587283393675	OK	 
REQUEST	9		Get Specific game	1587283393516	1587283393676	OK	 
REQUEST	29		Get All Video Games	1587283393518	1587283393680	OK	 
REQUEST	16		Get Specific game	1587283393516	1587283393681	OK	 
REQUEST	21		Get Specific game	1587283393515	1587283393689	OK	 
REQUEST	21		Get Specific game	1587283393689	1587283393698	OK	 
REQUEST	7		Get Specific game	1587283393522	1587283393709	OK	 
USER	Code Reuse	34	START	1587283393712	1587283393712
REQUEST	27		Get All Video Games	1587283393519	1587283393725	OK	 
REQUEST	30		Get All Video Games	1587283393519	1587283393730	OK	 
REQUEST	10		Get All Video Games	1587283393538	1587283393739	OK	 
REQUEST	30		Get All Video Games	1587283393731	1587283393744	OK	 
REQUEST	24		Get All Video Games	1587283393569	1587283393749	OK	 
REQUEST	28		Get All Video Games	1587283393555	1587283393751	OK	 
REQUEST	24		Get Specific game	1587283393750	1587283393756	OK	 
REQUEST	28		Get Specific game	1587283393752	1587283393757	OK	 
REQUEST	24		Get Specific game	1587283393757	1587283393762	OK	 
REQUEST	5		Get Specific game	1587283393591	1587283393768	OK	 
USER	Code Reuse	35	START	1587283393768	1587283393768
REQUEST	3		Get Specific game	1587283393603	1587283393772	OK	 
REQUEST	6		Get Specific game	1587283393608	1587283393774	OK	 
REQUEST	20		Get Specific game	1587283393613	1587283393777	OK	 
REQUEST	2		Get Specific game	1587283393486	1587283393779	OK	 
REQUEST	12		Get Specific game	1587283393650	1587283393781	OK	 
REQUEST	19		Get Specific game	1587283393671	1587283393785	OK	 
REQUEST	16		Get Specific game	1587283393681	1587283393788	OK	 
REQUEST	34		Get All Video Games	1587283393713	1587283393789	OK	 
REQUEST	29		Get All Video Games	1587283393683	1587283393791	OK	 
REQUEST	7		Get Specific game	1587283393710	1587283393793	OK	 
REQUEST	27		Get All Video Games	1587283393726	1587283393796	OK	 
REQUEST	10		Get All Video Games	1587283393741	1587283393798	OK	 
USER	Code Reuse	10	END	1587283392768	1587283393799
REQUEST	22		Get Specific game	1587283393517	1587283393800	OK	 
USER	Code Reuse	36	START	1587283393803	1587283393803
REQUEST	22		Get Specific game	1587283393801	1587283393808	OK	 
REQUEST	25		Get All Video Games	1587283393582	1587283393811	OK	 
REQUEST	31		Get All Video Games	1587283393576	1587283393812	OK	 
USER	Code Reuse	37	START	1587283393813	1587283393813
REQUEST	24		Get Specific game	1587283393764	1587283393819	OK	 
REQUEST	18		Get Specific game	1587283393592	1587283393822	OK	 
REQUEST	13		Get Specific game	1587283393598	1587283393826	OK	 
REQUEST	14		Get Specific game	1587283393603	1587283393828	OK	 
REQUEST	5		Get All Video Games	1587283393768	1587283393831	OK	 
REQUEST	3		Get Specific game	1587283393773	1587283393838	OK	 
REQUEST	35		Get All Video Games	1587283393769	1587283393839	OK	 
REQUEST	6		Get Specific game	1587283393775	1587283393843	OK	 
REQUEST	15		Get Specific game	1587283393615	1587283393844	OK	 
REQUEST	1		Get All Video Games	1587283393648	1587283393847	OK	 
REQUEST	20		Get All Video Games	1587283393778	1587283393851	OK	 
REQUEST	32		Get All Video Games	1587283393652	1587283393855	OK	 
REQUEST	18		Get Specific game	1587283393823	1587283393857	OK	 
REQUEST	26		Get All Video Games	1587283393657	1587283393858	OK	 
REQUEST	11		Get Specific game	1587283393618	1587283393860	OK	 
REQUEST	26		Get Specific game	1587283393859	1587283393864	OK	 
REQUEST	2		Get Specific game	1587283393780	1587283393865	OK	 
REQUEST	17		Get Specific game	1587283393666	1587283393870	OK	 
REQUEST	2		Get Specific game	1587283393866	1587283393877	OK	 
REQUEST	33		Get All Video Games	1587283393664	1587283393883	OK	 
REQUEST	2		Get Specific game	1587283393879	1587283393886	OK	 
REQUEST	33		Get All Video Games	1587283393884	1587283393889	OK	 
REQUEST	2		Get All Video Games	1587283393887	1587283393892	OK	 
REQUEST	33		Get All Video Games	1587283393891	1587283393896	OK	 
REQUEST	2		Get All Video Games	1587283393894	1587283393900	OK	 
REQUEST	33		Get Specific game	1587283393897	1587283393907	OK	 
REQUEST	12		Get Specific game	1587283393782	1587283393908	OK	 
REQUEST	8		Get All Video Games	1587283393671	1587283393912	OK	 
REQUEST	9		Get Specific game	1587283393676	1587283393914	OK	 
REQUEST	23		Get Specific game	1587283393675	1587283393919	OK	 
REQUEST	21		Get Specific game	1587283393702	1587283393922	OK	 
REQUEST	19		Get Specific game	1587283393786	1587283393925	OK	 
REQUEST	16		Get All Video Games	1587283393788	1587283393928	OK	 
REQUEST	34		Get All Video Games	1587283393789	1587283393931	OK	 
USER	Code Reuse	38	START	1587283393930	1587283393930
REQUEST	29		Get Specific game	1587283393792	1587283393937	OK	 
REQUEST	7		Get All Video Games	1587283393794	1587283393938	OK	 
REQUEST	29		Get Specific game	1587283393937	1587283393942	OK	 
REQUEST	7		Get All Video Games	1587283393939	1587283393945	OK	 
USER	Code Reuse	39	START	1587283393944	1587283393944
REQUEST	29		Get Specific game	1587283393945	1587283393951	OK	 
REQUEST	39		Get All Video Games	1587283393947	1587283393954	OK	 
REQUEST	39		Get All Video Games	1587283393954	1587283393961	OK	 
REQUEST	30		Get All Video Games	1587283393745	1587283393962	OK	 
REQUEST	30		Get Specific game	1587283393962	1587283393967	OK	 
REQUEST	39		Get All Video Games	1587283393964	1587283393969	OK	 
REQUEST	36		Get All Video Games	1587283393804	1587283393973	OK	 
REQUEST	31		Get Specific game	1587283393812	1587283393974	OK	 
REQUEST	37		Get All Video Games	1587283393813	1587283393977	OK	 
REQUEST	31		Get Specific game	1587283393975	1587283393978	OK	 
REQUEST	25		Get Specific game	1587283393812	1587283393982	OK	 
REQUEST	24		Get Specific game	1587283393820	1587283393983	OK	 
REQUEST	13		Get All Video Games	1587283393826	1587283393987	OK	 
REQUEST	14		Get Specific game	1587283393829	1587283393988	OK	 
REQUEST	13		Get All Video Games	1587283393987	1587283393994	OK	 
REQUEST	5		Get All Video Games	1587283393832	1587283393997	OK	 
REQUEST	13		Get All Video Games	1587283393994	1587283393998	OK	 
USER	Code Reuse	13	END	1587283392865	1587283393999
USER	Code Reuse	40	START	1587283394000	1587283394000
REQUEST	3		Get Specific game	1587283393839	1587283394005	OK	 
REQUEST	40		Get All Video Games	1587283394000	1587283394007	OK	 
REQUEST	8		Get All Video Games	1587283393913	1587283394013	OK	 
USER	Code Reuse	8	END	1587283392767	1587283394013
REQUEST	21		Get Specific game	1587283393922	1587283394014	OK	 
REQUEST	16		Get All Video Games	1587283393928	1587283394016	OK	 
USER	Code Reuse	41	START	1587283394016	1587283394016
REQUEST	19		Get Specific game	1587283393926	1587283394018	OK	 
REQUEST	28		Get Specific game	1587283393758	1587283394024	OK	 
REQUEST	22		Get Specific game	1587283393808	1587283394026	OK	 
REQUEST	37		Get All Video Games	1587283393977	1587283394026	OK	 
REQUEST	9		Get Specific game	1587283393915	1587283394037	OK	 
REQUEST	34		Get All Video Games	1587283393932	1587283394038	OK	 
REQUEST	16		Get All Video Games	1587283394017	1587283394043	OK	 
REQUEST	19		Get All Video Games	1587283394019	1587283394044	OK	 
USER	Code Reuse	16	END	1587283392867	1587283394044
REQUEST	27		Get Specific game	1587283393796	1587283394047	OK	 
REQUEST	18		Get Specific game	1587283393859	1587283394048	OK	 
REQUEST	7		Get All Video Games	1587283393946	1587283394053	OK	 
USER	Code Reuse	7	END	1587283392767	1587283394054
REQUEST	29		Get Specific game	1587283393952	1587283394058	OK	 
REQUEST	30		Get Specific game	1587283393968	1587283394058	OK	 
REQUEST	36		Get All Video Games	1587283393974	1587283394063	OK	 
REQUEST	29		Get Specific game	1587283394058	1587283394067	OK	 
USER	Code Reuse	42	START	1587283394066	1587283394066
REQUEST	31		Get Specific game	1587283393979	1587283394070	OK	 
REQUEST	29		Get All Video Games	1587283394067	1587283394073	OK	 
REQUEST	37		Get All Video Games	1587283394026	1587283394074	OK	 
REQUEST	28		Get Specific game	1587283394024	1587283394076	OK	 
REQUEST	25		Get Specific game	1587283393982	1587283394077	OK	 
REQUEST	24		Get Specific game	1587283393984	1587283394078	OK	 
REQUEST	14		Get All Video Games	1587283393989	1587283394080	OK	 
REQUEST	5		Get All Video Games	1587283393997	1587283394081	OK	 
REQUEST	39		Get Specific game	1587283393970	1587283394082	OK	 
USER	Code Reuse	5	END	1587283392766	1587283394081
REQUEST	23		Get Specific game	1587283393920	1587283394084	OK	 
REQUEST	38		Get All Video Games	1587283393932	1587283394085	OK	 
REQUEST	3		Get Specific game	1587283394006	1587283394086	OK	 
REQUEST	35		Get All Video Games	1587283393840	1587283394087	OK	 
REQUEST	6		Get Specific game	1587283393843	1587283394088	OK	 
REQUEST	38		Get All Video Games	1587283394086	1587283394089	OK	 
REQUEST	15		Get Specific game	1587283393845	1587283394090	OK	 
REQUEST	1		Get All Video Games	1587283393849	1587283394091	OK	 
USER	Code Reuse	1	END	1587283392765	1587283394092
REQUEST	20		Get All Video Games	1587283393853	1587283394093	OK	 
REQUEST	32		Get All Video Games	1587283393855	1587283394095	OK	 
REQUEST	11		Get Specific game	1587283393860	1587283394096	OK	 
REQUEST	20		Get All Video Games	1587283394093	1587283394098	OK	 
USER	Code Reuse	20	END	1587283393004	1587283394099
REQUEST	32		Get All Video Games	1587283394095	1587283394105	OK	 
REQUEST	17		Get Specific game	1587283393871	1587283394106	OK	 
REQUEST	32		Get Specific game	1587283394105	1587283394109	OK	 
REQUEST	40		Get All Video Games	1587283394008	1587283394111	OK	 
REQUEST	26		Get Specific game	1587283393866	1587283394111	OK	 
REQUEST	2		Get All Video Games	1587283393901	1587283394113	OK	 
USER	Code Reuse	2	END	1587283392765	1587283394114
REQUEST	40		Get All Video Games	1587283394111	1587283394116	OK	 
REQUEST	33		Get Specific game	1587283393908	1587283394116	OK	 
REQUEST	12		Get All Video Games	1587283393909	1587283394121	OK	 
REQUEST	21		Get Specific game	1587283394015	1587283394121	OK	 
USER	Code Reuse	43	START	1587283394124	1587283394124
REQUEST	21		Get All Video Games	1587283394121	1587283394126	OK	 
REQUEST	9		Get All Video Games	1587283394037	1587283394133	OK	 
REQUEST	34		Get Specific game	1587283394039	1587283394138	OK	 
REQUEST	41		Get All Video Games	1587283394017	1587283394139	OK	 
REQUEST	19		Get All Video Games	1587283394045	1587283394143	OK	 
REQUEST	27		Get Specific game	1587283394048	1587283394144	OK	 
REQUEST	19		Get All Video Games	1587283394143	1587283394148	OK	 
USER	Code Reuse	19	END	1587283392955	1587283394149
REQUEST	18		Get Specific game	1587283394049	1587283394152	OK	 
REQUEST	30		Get Specific game	1587283394059	1587283394153	OK	 
REQUEST	36		Get All Video Games	1587283394064	1587283394157	OK	 
REQUEST	42		Get All Video Games	1587283394068	1587283394158	OK	 
REQUEST	31		Get Specific game	1587283394071	1587283394162	OK	 
REQUEST	22		Get Specific game	1587283394026	1587283394162	OK	 
REQUEST	31		Get Specific game	1587283394162	1587283394166	OK	 
REQUEST	29		Get All Video Games	1587283394074	1587283394168	OK	 
REQUEST	37		Get Specific game	1587283394075	1587283394172	OK	 
REQUEST	25		Get Specific game	1587283394077	1587283394174	OK	 
REQUEST	37		Get Specific game	1587283394172	1587283394177	OK	 
REQUEST	25		Get Specific game	1587283394174	1587283394183	OK	 
REQUEST	28		Get Specific game	1587283394077	1587283394192	OK	 
REQUEST	25		Get Specific game	1587283394188	1587283394193	OK	 
USER	Code Reuse	44	START	1587283394197	1587283394197
REQUEST	14		Get All Video Games	1587283394081	1587283394201	OK	 
REQUEST	39		Get Specific game	1587283394082	1587283394203	OK	 
REQUEST	23		Get Specific game	1587283394084	1587283394206	OK	 
REQUEST	3		Get All Video Games	1587283394086	1587283394208	OK	 
USER	Code Reuse	45	START	1587283394213	1587283394213
REQUEST	33		Get Specific game	1587283394116	1587283394215	OK	 
REQUEST	40		Get Specific game	1587283394118	1587283394217	OK	 
REQUEST	45		Get All Video Games	1587283394213	1587283394220	OK	 
REQUEST	40		Get Specific game	1587283394217	1587283394222	OK	 
REQUEST	45		Get All Video Games	1587283394221	1587283394225	OK	 
REQUEST	12		Get All Video Games	1587283394122	1587283394227	OK	 
REQUEST	43		Get All Video Games	1587283394125	1587283394229	OK	 
REQUEST	45		Get All Video Games	1587283394226	1587283394231	OK	 
REQUEST	9		Get All Video Games	1587283394133	1587283394232	OK	 
REQUEST	41		Get All Video Games	1587283394139	1587283394234	OK	 
REQUEST	23		Get Specific game	1587283394206	1587283394241	OK	 
REQUEST	35		Get All Video Games	1587283394088	1587283394241	OK	 
REQUEST	6		Get All Video Games	1587283394088	1587283394244	OK	 
REQUEST	35		Get Specific game	1587283394242	1587283394246	OK	 
REQUEST	15		Get All Video Games	1587283394090	1587283394252	OK	 
REQUEST	11		Get All Video Games	1587283394096	1587283394253	OK	 
REQUEST	17		Get Specific game	1587283394107	1587283394256	OK	 
REQUEST	17		Get All Video Games	1587283394256	1587283394263	OK	 
REQUEST	32		Get Specific game	1587283394110	1587283394264	OK	 
REQUEST	26		Get Specific game	1587283394111	1587283394268	OK	 
REQUEST	40		Get Specific game	1587283394224	1587283394273	OK	 
REQUEST	12		Get All Video Games	1587283394228	1587283394277	OK	 
REQUEST	21		Get All Video Games	1587283394128	1587283394278	OK	 
USER	Code Reuse	12	END	1587283392768	1587283394278
REQUEST	43		Get All Video Games	1587283394229	1587283394281	OK	 
REQUEST	34		Get Specific game	1587283394138	1587283394282	OK	 
USER	Code Reuse	46	START	1587283394284	1587283394284
REQUEST	27		Get Specific game	1587283394144	1587283394287	OK	 
REQUEST	9		Get All Video Games	1587283394233	1587283394287	OK	 
USER	Code Reuse	9	END	1587283392768	1587283394288
REQUEST	46		Get All Video Games	1587283394285	1587283394291	OK	 
REQUEST	18		Get All Video Games	1587283394153	1587283394291	OK	 
REQUEST	30		Get Specific game	1587283394153	1587283394297	OK	 
REQUEST	36		Get Specific game	1587283394157	1587283394297	OK	 
REQUEST	42		Get All Video Games	1587283394159	1587283394300	OK	 
REQUEST	30		Get Specific game	1587283394297	1587283394302	OK	 
REQUEST	31		Get All Video Games	1587283394167	1587283394306	OK	 
REQUEST	29		Get All Video Games	1587283394169	1587283394306	OK	 
USER	Code Reuse	29	END	1587283393468	1587283394306
REQUEST	37		Get Specific game	1587283394179	1587283394308	OK	 
REQUEST	31		Get All Video Games	1587283394306	1587283394310	OK	 
REQUEST	28		Get Specific game	1587283394192	1587283394311	OK	 
REQUEST	25		Get All Video Games	1587283394194	1587283394315	OK	 
REQUEST	25		Get All Video Games	1587283394316	1587283394321	OK	 
REQUEST	24		Get All Video Games	1587283394079	1587283394322	OK	 
REQUEST	44		Get All Video Games	1587283394198	1587283394328	OK	 
REQUEST	14		Get All Video Games	1587283394202	1587283394332	OK	 
USER	Code Reuse	14	END	1587283392865	1587283394333
REQUEST	3		Get All Video Games	1587283394209	1587283394336	OK	 
REQUEST	23		Get Specific game	1587283394242	1587283394340	OK	 
REQUEST	6		Get All Video Games	1587283394245	1587283394342	OK	 
REQUEST	6		Get All Video Games	1587283394343	1587283394347	OK	 
REQUEST	35		Get Specific game	1587283394248	1587283394348	OK	 
USER	Code Reuse	6	END	1587283392766	1587283394348
REQUEST	38		Get All Video Games	1587283394090	1587283394352	OK	 
REQUEST	15		Get All Video Games	1587283394252	1587283394357	OK	 
REQUEST	11		Get All Video Games	1587283394253	1587283394360	OK	 
REQUEST	32		Get Specific game	1587283394264	1587283394363	OK	 
REQUEST	11		Get All Video Games	1587283394360	1587283394365	OK	 
USER	Code Reuse	11	END	1587283392768	1587283394366
REQUEST	32		Get Specific game	1587283394363	1587283394368	OK	 
REQUEST	17		Get All Video Games	1587283394266	1587283394369	OK	 
REQUEST	33		Get Specific game	1587283394216	1587283394372	OK	 
REQUEST	26		Get Specific game	1587283394269	1587283394374	OK	 
REQUEST	33		Get Specific game	1587283394373	1587283394377	OK	 
REQUEST	26		Get Specific game	1587283394375	1587283394380	OK	 
REQUEST	33		Get All Video Games	1587283394378	1587283394382	OK	 
REQUEST	26		Get All Video Games	1587283394381	1587283394386	OK	 
REQUEST	33		Get All Video Games	1587283394384	1587283394389	OK	 
REQUEST	26		Get All Video Games	1587283394387	1587283394391	OK	 
REQUEST	33		Get All Video Games	1587283394389	1587283394394	OK	 
USER	Code Reuse	33	END	1587283393663	1587283394395
REQUEST	40		Get Specific game	1587283394274	1587283394397	OK	 
REQUEST	21		Get All Video Games	1587283394279	1587283394399	OK	 
USER	Code Reuse	21	END	1587283393051	1587283394400
REQUEST	45		Get Specific game	1587283394231	1587283394403	OK	 
REQUEST	43		Get All Video Games	1587283394281	1587283394403	OK	 
REQUEST	34		Get Specific game	1587283394283	1587283394406	OK	 
REQUEST	27		Get Specific game	1587283394288	1587283394408	OK	 
REQUEST	46		Get All Video Games	1587283394291	1587283394410	OK	 
REQUEST	18		Get All Video Games	1587283394293	1587283394412	OK	 
REQUEST	36		Get Specific game	1587283394298	1587283394415	OK	 
REQUEST	18		Get All Video Games	1587283394412	1587283394418	OK	 
USER	Code Reuse	18	END	1587283392903	1587283394419
REQUEST	36		Get Specific game	1587283394416	1587283394421	OK	 
REQUEST	41		Get All Video Games	1587283394235	1587283394422	OK	 
REQUEST	42		Get All Video Games	1587283394301	1587283394425	OK	 
REQUEST	22		Get All Video Games	1587283394162	1587283394426	OK	 
REQUEST	30		Get All Video Games	1587283394303	1587283394429	OK	 
USER	Code Reuse	47	START	1587283394428	1587283394428
REQUEST	37		Get Specific game	1587283394309	1587283394432	OK	 
REQUEST	28		Get All Video Games	1587283394312	1587283394435	OK	 
REQUEST	31		Get All Video Games	1587283394314	1587283394435	OK	 
USER	Code Reuse	31	END	1587283393555	1587283394436
REQUEST	37		Get Specific game	1587283394433	1587283394438	OK	 
REQUEST	25		Get All Video Games	1587283394324	1587283394439	OK	 
USER	Code Reuse	25	END	1587283393253	1587283394440
REQUEST	24		Get All Video Games	1587283394323	1587283394441	OK	 
REQUEST	44		Get All Video Games	1587283394328	1587283394443	OK	 
REQUEST	39		Get Specific game	1587283394203	1587283394443	OK	 
REQUEST	24		Get All Video Games	1587283394442	1587283394445	OK	 
USER	Code Reuse	24	END	1587283393203	1587283394446
REQUEST	3		Get All Video Games	1587283394337	1587283394447	OK	 
USER	Code Reuse	3	END	1587283392765	1587283394448
REQUEST	23		Get All Video Games	1587283394341	1587283394449	OK	 
REQUEST	38		Get Specific game	1587283394352	1587283394451	OK	 
USER	Code Reuse	48	START	1587283394452	1587283394452
REQUEST	23		Get All Video Games	1587283394449	1587283394454	OK	 
REQUEST	35		Get Specific game	1587283394349	1587283394470	OK	 
USER	Code Reuse	49	START	1587283394471	1587283394471
USER	Code Reuse	50	START	1587283394475	1587283394475
REQUEST	15		Get All Video Games	1587283394357	1587283394482	OK	 
USER	Code Reuse	15	END	1587283392866	1587283394482
REQUEST	32		Get Specific game	1587283394369	1587283394487	OK	 
REQUEST	32		Get All Video Games	1587283394487	1587283394492	OK	 
REQUEST	17		Get All Video Games	1587283394370	1587283394493	OK	 
USER	Code Reuse	17	END	1587283392868	1587283394493
REQUEST	32		Get All Video Games	1587283394493	1587283394497	OK	 
REQUEST	40		Get Specific game	1587283394398	1587283394497	OK	 
REQUEST	45		Get Specific game	1587283394403	1587283394501	OK	 
REQUEST	43		Get Specific game	1587283394404	1587283394503	OK	 
REQUEST	34		Get Specific game	1587283394407	1587283394507	OK	 
REQUEST	43		Get Specific game	1587283394503	1587283394509	OK	 
REQUEST	27		Get Specific game	1587283394408	1587283394510	OK	 
REQUEST	46		Get All Video Games	1587283394410	1587283394512	OK	 
REQUEST	43		Get Specific game	1587283394509	1587283394515	OK	 
REQUEST	46		Get Specific game	1587283394512	1587283394519	OK	 
REQUEST	36		Get Specific game	1587283394423	1587283394521	OK	 
REQUEST	41		Get Specific game	1587283394422	1587283394524	OK	 
REQUEST	42		Get Specific game	1587283394426	1587283394525	OK	 
REQUEST	22		Get All Video Games	1587283394426	1587283394528	OK	 
REQUEST	30		Get All Video Games	1587283394429	1587283394530	OK	 
REQUEST	47		Get All Video Games	1587283394429	1587283394533	OK	 
REQUEST	30		Get All Video Games	1587283394530	1587283394535	OK	 
USER	Code Reuse	30	END	1587283393519	1587283394536
REQUEST	44		Get All Video Games	1587283394444	1587283394540	OK	 
REQUEST	38		Get Specific game	1587283394452	1587283394541	OK	 
REQUEST	49		Get All Video Games	1587283394472	1587283394545	OK	 
REQUEST	23		Get All Video Games	1587283394478	1587283394546	OK	 
USER	Code Reuse	23	END	1587283393148	1587283394547
REQUEST	26		Get All Video Games	1587283394392	1587283394549	OK	 
USER	Code Reuse	26	END	1587283393371	1587283394550
REQUEST	40		Get All Video Games	1587283394498	1587283394553	OK	 
REQUEST	32		Get All Video Games	1587283394498	1587283394557	OK	 
USER	Code Reuse	32	END	1587283393651	1587283394558
REQUEST	40		Get All Video Games	1587283394554	1587283394560	OK	 
REQUEST	45		Get Specific game	1587283394502	1587283394563	OK	 
REQUEST	34		Get Specific game	1587283394507	1587283394566	OK	 
REQUEST	27		Get All Video Games	1587283394511	1587283394569	OK	 
REQUEST	43		Get Specific game	1587283394515	1587283394571	OK	 
REQUEST	46		Get Specific game	1587283394520	1587283394574	OK	 
REQUEST	43		Get Specific game	1587283394572	1587283394576	OK	 
REQUEST	46		Get Specific game	1587283394574	1587283394579	OK	 
REQUEST	43		Get All Video Games	1587283394576	1587283394581	OK	 
REQUEST	36		Get Specific game	1587283394522	1587283394584	OK	 
REQUEST	41		Get Specific game	1587283394524	1587283394586	OK	 
REQUEST	42		Get Specific game	1587283394525	1587283394588	OK	 
REQUEST	22		Get All Video Games	1587283394528	1587283394589	OK	 
USER	Code Reuse	22	END	1587283393101	1587283394589
REQUEST	47		Get All Video Games	1587283394533	1587283394590	OK	 
REQUEST	42		Get Specific game	1587283394588	1587283394592	OK	 
REQUEST	28		Get All Video Games	1587283394436	1587283394593	OK	 
REQUEST	47		Get All Video Games	1587283394591	1587283394595	OK	 
REQUEST	39		Get Specific game	1587283394443	1587283394597	OK	 
USER	Code Reuse	51	START	1587283394597	1587283394597
REQUEST	44		Get Specific game	1587283394540	1587283394599	OK	 
REQUEST	35		Get Specific game	1587283394470	1587283394602	OK	 
REQUEST	38		Get Specific game	1587283394541	1587283394604	OK	 
REQUEST	50		Get All Video Games	1587283394475	1587283394605	OK	 
USER	Code Reuse	52	START	1587283394606	1587283394606
REQUEST	35		Get Specific game	1587283394603	1587283394607	OK	 
REQUEST	49		Get All Video Games	1587283394545	1587283394610	OK	 
REQUEST	48		Get All Video Games	1587283394453	1587283394614	OK	 
REQUEST	45		Get Specific game	1587283394564	1587283394616	OK	 
REQUEST	34		Get All Video Games	1587283394566	1587283394619	OK	 
REQUEST	45		Get Specific game	1587283394617	1587283394621	OK	 
REQUEST	27		Get All Video Games	1587283394569	1587283394623	OK	 
REQUEST	45		Get All Video Games	1587283394621	1587283394625	OK	 
REQUEST	36		Get All Video Games	1587283394585	1587283394628	OK	 
REQUEST	37		Get All Video Games	1587283394438	1587283394630	OK	 
REQUEST	42		Get Specific game	1587283394593	1587283394630	OK	 
REQUEST	28		Get All Video Games	1587283394593	1587283394630	OK	 
USER	Code Reuse	28	END	1587283393403	1587283394631
REQUEST	47		Get Specific game	1587283394595	1587283394632	OK	 
REQUEST	44		Get Specific game	1587283394599	1587283394634	OK	 
REQUEST	35		Get All Video Games	1587283394608	1587283394637	OK	 
REQUEST	40		Get All Video Games	1587283394560	1587283394638	OK	 
USER	Code Reuse	40	END	1587283394000	1587283394639
USER	Code Reuse	53	START	1587283394640	1587283394640
REQUEST	46		Get Specific game	1587283394580	1587283394644	OK	 
REQUEST	43		Get All Video Games	1587283394582	1587283394647	OK	 
REQUEST	43		Get All Video Games	1587283394648	1587283394652	OK	 
REQUEST	45		Get All Video Games	1587283394626	1587283394653	OK	 
USER	Code Reuse	43	END	1587283394124	1587283394653
REQUEST	41		Get Specific game	1587283394586	1587283394657	OK	 
REQUEST	36		Get All Video Games	1587283394628	1587283394658	OK	 
REQUEST	37		Get All Video Games	1587283394630	1587283394662	OK	 
REQUEST	42		Get Specific game	1587283394630	1587283394663	OK	 
REQUEST	39		Get Specific game	1587283394597	1587283394666	OK	 
REQUEST	50		Get All Video Games	1587283394605	1587283394667	OK	 
REQUEST	52		Get All Video Games	1587283394607	1587283394668	OK	 
REQUEST	39		Get All Video Games	1587283394666	1587283394669	OK	 
REQUEST	48		Get All Video Games	1587283394615	1587283394670	OK	 
REQUEST	34		Get All Video Games	1587283394619	1587283394670	OK	 
REQUEST	27		Get All Video Games	1587283394623	1587283394672	OK	 
USER	Code Reuse	27	END	1587283393377	1587283394673
REQUEST	38		Get Specific game	1587283394604	1587283394674	OK	 
REQUEST	51		Get All Video Games	1587283394598	1587283394674	OK	 
REQUEST	47		Get Specific game	1587283394633	1587283394674	OK	 
USER	Code Reuse	54	START	1587283394673	1587283394673
REQUEST	52		Get All Video Games	1587283394668	1587283394677	OK	 
REQUEST	50		Get All Video Games	1587283394667	1587283394677	OK	 
REQUEST	44		Get Specific game	1587283394635	1587283394679	OK	 
REQUEST	49		Get All Video Games	1587283394612	1587283394679	OK	 
REQUEST	48		Get All Video Games	1587283394670	1587283394680	OK	 
REQUEST	39		Get All Video Games	1587283394670	1587283394683	OK	 
REQUEST	34		Get All Video Games	1587283394671	1587283394683	OK	 
USER	Code Reuse	34	END	1587283393712	1587283394683
REQUEST	48		Get Specific game	1587283394681	1587283394684	OK	 
REQUEST	53		Get All Video Games	1587283394641	1587283394684	OK	 
REQUEST	46		Get Specific game	1587283394644	1587283394686	OK	 
REQUEST	45		Get All Video Games	1587283394654	1587283394688	OK	 
REQUEST	36		Get All Video Games	1587283394659	1587283394689	OK	 
REQUEST	53		Get All Video Games	1587283394685	1587283394689	OK	 
USER	Code Reuse	45	END	1587283394213	1587283394688
REQUEST	41		Get Specific game	1587283394658	1587283394690	OK	 
USER	Code Reuse	36	END	1587283393803	1587283394689
REQUEST	42		Get All Video Games	1587283394664	1587283394691	OK	 
REQUEST	53		Get All Video Games	1587283394690	1587283394693	OK	 
REQUEST	37		Get All Video Games	1587283394662	1587283394694	OK	 
USER	Code Reuse	37	END	1587283393813	1587283394695
REQUEST	35		Get All Video Games	1587283394637	1587283394697	OK	 
REQUEST	46		Get All Video Games	1587283394687	1587283394697	OK	 
REQUEST	41		Get Specific game	1587283394690	1587283394698	OK	 
REQUEST	47		Get Specific game	1587283394674	1587283394700	OK	 
REQUEST	51		Get All Video Games	1587283394674	1587283394700	OK	 
REQUEST	41		Get All Video Games	1587283394699	1587283394702	OK	 
REQUEST	44		Get Specific game	1587283394679	1587283394703	OK	 
REQUEST	52		Get All Video Games	1587283394678	1587283394704	OK	 
REQUEST	48		Get Specific game	1587283394686	1587283394705	OK	 
REQUEST	42		Get All Video Games	1587283394692	1587283394707	OK	 
REQUEST	53		Get Specific game	1587283394693	1587283394708	OK	 
REQUEST	47		Get Specific game	1587283394701	1587283394711	OK	 
REQUEST	38		Get Specific game	1587283394674	1587283394711	OK	 
REQUEST	51		Get All Video Games	1587283394701	1587283394712	OK	 
REQUEST	54		Get All Video Games	1587283394674	1587283394714	OK	 
REQUEST	50		Get Specific game	1587283394677	1587283394714	OK	 
REQUEST	41		Get All Video Games	1587283394703	1587283394718	OK	 
REQUEST	49		Get Specific game	1587283394679	1587283394720	OK	 
REQUEST	41		Get All Video Games	1587283394719	1587283394721	OK	 
USER	Code Reuse	41	END	1587283394016	1587283394722
REQUEST	39		Get All Video Games	1587283394683	1587283394723	OK	 
USER	Code Reuse	39	END	1587283393944	1587283394724
REQUEST	44		Get Specific game	1587283394704	1587283394725	OK	 
REQUEST	35		Get All Video Games	1587283394697	1587283394727	OK	 
REQUEST	48		Get Specific game	1587283394706	1587283394727	OK	 
USER	Code Reuse	35	END	1587283393768	1587283394727
REQUEST	46		Get All Video Games	1587283394698	1587283394729	OK	 
REQUEST	52		Get Specific game	1587283394704	1587283394729	OK	 
REQUEST	44		Get All Video Games	1587283394726	1587283394730	OK	 
USER	Code Reuse	55	START	1587283394728	1587283394728
REQUEST	53		Get Specific game	1587283394709	1587283394732	OK	 
REQUEST	55		Get All Video Games	1587283394729	1587283394732	OK	 
REQUEST	44		Get All Video Games	1587283394731	1587283394734	OK	 
REQUEST	55		Get All Video Games	1587283394733	1587283394734	OK	 
REQUEST	42		Get All Video Games	1587283394709	1587283394734	OK	 
USER	Code Reuse	42	END	1587283394066	1587283394735
REQUEST	51		Get Specific game	1587283394712	1587283394737	OK	 
REQUEST	44		Get All Video Games	1587283394735	1587283394737	OK	 
REQUEST	38		Get All Video Games	1587283394712	1587283394738	OK	 
USER	Code Reuse	44	END	1587283394197	1587283394738
REQUEST	54		Get All Video Games	1587283394714	1587283394739	OK	 
REQUEST	47		Get Specific game	1587283394713	1587283394739	OK	 
REQUEST	50		Get Specific game	1587283394716	1587283394740	OK	 
REQUEST	49		Get Specific game	1587283394721	1587283394741	OK	 
REQUEST	47		Get All Video Games	1587283394740	1587283394742	OK	 
REQUEST	52		Get Specific game	1587283394729	1587283394744	OK	 
REQUEST	53		Get Specific game	1587283394733	1587283394744	OK	 
REQUEST	46		Get All Video Games	1587283394729	1587283394744	OK	 
USER	Code Reuse	46	END	1587283394284	1587283394744
REQUEST	55		Get All Video Games	1587283394735	1587283394745	OK	 
REQUEST	51		Get Specific game	1587283394738	1587283394745	OK	 
REQUEST	38		Get All Video Games	1587283394738	1587283394746	OK	 
REQUEST	53		Get Specific game	1587283394744	1587283394746	OK	 
REQUEST	48		Get Specific game	1587283394727	1587283394747	OK	 
REQUEST	47		Get All Video Games	1587283394742	1587283394750	OK	 
REQUEST	48		Get Specific game	1587283394748	1587283394752	OK	 
REQUEST	49		Get Specific game	1587283394742	1587283394753	OK	 
REQUEST	48		Get All Video Games	1587283394752	1587283394755	OK	 
REQUEST	54		Get All Video Games	1587283394740	1587283394756	OK	 
REQUEST	50		Get Specific game	1587283394740	1587283394758	OK	 
REQUEST	47		Get All Video Games	1587283394750	1587283394763	OK	 
REQUEST	51		Get Specific game	1587283394746	1587283394763	OK	 
USER	Code Reuse	47	END	1587283394428	1587283394763
REQUEST	48		Get All Video Games	1587283394755	1587283394767	OK	 
REQUEST	49		Get Specific game	1587283394754	1587283394767	OK	 
REQUEST	50		Get Specific game	1587283394760	1587283394771	OK	 
REQUEST	54		Get Specific game	1587283394757	1587283394773	OK	 
REQUEST	55		Get Specific game	1587283394746	1587283394775	OK	 
REQUEST	53		Get Specific game	1587283394747	1587283394775	OK	 
USER	Code Reuse	56	START	1587283394776	1587283394776
REQUEST	50		Get Specific game	1587283394772	1587283394778	OK	 
REQUEST	52		Get Specific game	1587283394744	1587283394780	OK	 
REQUEST	38		Get All Video Games	1587283394747	1587283394782	OK	 
USER	Code Reuse	38	END	1587283393930	1587283394783
REQUEST	54		Get Specific game	1587283394774	1587283394784	OK	 
REQUEST	51		Get Specific game	1587283394764	1587283394793	OK	 
REQUEST	48		Get All Video Games	1587283394768	1587283394799	OK	 
USER	Code Reuse	48	END	1587283394452	1587283394799
REQUEST	49		Get Specific game	1587283394768	1587283394801	OK	 
REQUEST	53		Get All Video Games	1587283394775	1587283394804	OK	 
REQUEST	55		Get Specific game	1587283394775	1587283394807	OK	 
REQUEST	54		Get Specific game	1587283394785	1587283394808	OK	 
REQUEST	51		Get Specific game	1587283394794	1587283394810	OK	 
REQUEST	54		Get Specific game	1587283394809	1587283394811	OK	 
REQUEST	49		Get All Video Games	1587283394802	1587283394813	OK	 
REQUEST	56		Get All Video Games	1587283394777	1587283394816	OK	 
REQUEST	49		Get All Video Games	1587283394814	1587283394816	OK	 
REQUEST	50		Get All Video Games	1587283394778	1587283394817	OK	 
REQUEST	56		Get All Video Games	1587283394816	1587283394819	OK	 
REQUEST	50		Get All Video Games	1587283394818	1587283394820	OK	 
REQUEST	52		Get Specific game	1587283394780	1587283394820	OK	 
USER	Code Reuse	57	START	1587283394822	1587283394822
REQUEST	55		Get Specific game	1587283394807	1587283394827	OK	 
REQUEST	53		Get All Video Games	1587283394805	1587283394827	OK	 
REQUEST	54		Get Specific game	1587283394812	1587283394829	OK	 
REQUEST	57		Get All Video Games	1587283394822	1587283394829	OK	 
REQUEST	51		Get All Video Games	1587283394811	1587283394830	OK	 
REQUEST	52		Get Specific game	1587283394820	1587283394832	OK	 
REQUEST	56		Get All Video Games	1587283394820	1587283394832	OK	 
REQUEST	49		Get All Video Games	1587283394818	1587283394832	OK	 
USER	Code Reuse	49	END	1587283394471	1587283394832
REQUEST	50		Get All Video Games	1587283394820	1587283394834	OK	 
USER	Code Reuse	50	END	1587283394475	1587283394834
REQUEST	55		Get Specific game	1587283394827	1587283394835	OK	 
REQUEST	53		Get All Video Games	1587283394827	1587283394835	OK	 
REQUEST	54		Get All Video Games	1587283394830	1587283394836	OK	 
USER	Code Reuse	53	END	1587283394640	1587283394836
REQUEST	57		Get All Video Games	1587283394830	1587283394838	OK	 
REQUEST	52		Get All Video Games	1587283394832	1587283394839	OK	 
REQUEST	56		Get Specific game	1587283394832	1587283394839	OK	 
REQUEST	54		Get All Video Games	1587283394836	1587283394842	OK	 
REQUEST	51		Get All Video Games	1587283394830	1587283394843	OK	 
REQUEST	55		Get Specific game	1587283394837	1587283394846	OK	 
REQUEST	54		Get All Video Games	1587283394844	1587283394847	OK	 
USER	Code Reuse	54	END	1587283394673	1587283394848
REQUEST	56		Get Specific game	1587283394840	1587283394848	OK	 
REQUEST	51		Get All Video Games	1587283394844	1587283394848	OK	 
REQUEST	57		Get All Video Games	1587283394838	1587283394849	OK	 
USER	Code Reuse	51	END	1587283394597	1587283394849
REQUEST	52		Get All Video Games	1587283394840	1587283394852	OK	 
REQUEST	55		Get All Video Games	1587283394846	1587283394853	OK	 
REQUEST	57		Get Specific game	1587283394850	1587283394854	OK	 
REQUEST	52		Get All Video Games	1587283394853	1587283394855	OK	 
REQUEST	56		Get Specific game	1587283394851	1587283394855	OK	 
USER	Code Reuse	52	END	1587283394606	1587283394856
REQUEST	55		Get All Video Games	1587283394853	1587283394857	OK	 
REQUEST	57		Get Specific game	1587283394855	1587283394858	OK	 
REQUEST	56		Get Specific game	1587283394856	1587283394860	OK	 
REQUEST	55		Get All Video Games	1587283394858	1587283394860	OK	 
REQUEST	57		Get Specific game	1587283394858	1587283394861	OK	 
USER	Code Reuse	55	END	1587283394728	1587283394861
REQUEST	56		Get Specific game	1587283394860	1587283394863	OK	 
REQUEST	57		Get Specific game	1587283394862	1587283394864	OK	 
REQUEST	56		Get All Video Games	1587283394864	1587283394866	OK	 
REQUEST	57		Get Specific game	1587283394864	1587283394866	OK	 
REQUEST	57		Get All Video Games	1587283394867	1587283394870	OK	 
USER	Code Reuse	58	START	1587283394869	1587283394869
REQUEST	56		Get All Video Games	1587283394867	1587283394874	OK	 
REQUEST	58		Get All Video Games	1587283394870	1587283394874	OK	 
REQUEST	57		Get All Video Games	1587283394871	1587283394876	OK	 
REQUEST	58		Get All Video Games	1587283394874	1587283394884	OK	 
REQUEST	56		Get All Video Games	1587283394875	1587283394887	OK	 
USER	Code Reuse	56	END	1587283394776	1587283394888
REQUEST	57		Get All Video Games	1587283394877	1587283394889	OK	 
USER	Code Reuse	57	END	1587283394822	1587283394890
REQUEST	58		Get All Video Games	1587283394885	1587283394892	OK	 
REQUEST	58		Get Specific game	1587283394893	1587283394894	OK	 
REQUEST	58		Get Specific game	1587283394897	1587283394899	OK	 
REQUEST	58		Get Specific game	1587283394900	1587283394902	OK	 
REQUEST	58		Get Specific game	1587283394902	1587283394905	OK	 
REQUEST	58		Get Specific game	1587283394905	1587283394907	OK	 
REQUEST	58		Get All Video Games	1587283394908	1587283394909	OK	 
REQUEST	58		Get All Video Games	1587283394910	1587283394912	OK	 
USER	Code Reuse	59	START	1587283394913	1587283394913
REQUEST	58		Get All Video Games	1587283394913	1587283394916	OK	 
USER	Code Reuse	58	END	1587283394869	1587283394916
REQUEST	59		Get All Video Games	1587283394914	1587283394918	OK	 
REQUEST	59		Get All Video Games	1587283394918	1587283394920	OK	 
REQUEST	59		Get All Video Games	1587283394920	1587283394922	OK	 
REQUEST	59		Get Specific game	1587283394923	1587283394925	OK	 
REQUEST	59		Get Specific game	1587283394925	1587283394927	OK	 
REQUEST	59		Get Specific game	1587283394928	1587283394930	OK	 
REQUEST	59		Get Specific game	1587283394931	1587283394933	OK	 
REQUEST	59		Get Specific game	1587283394933	1587283394935	OK	 
REQUEST	59		Get All Video Games	1587283394936	1587283394938	OK	 
REQUEST	59		Get All Video Games	1587283394938	1587283394940	OK	 
REQUEST	59		Get All Video Games	1587283394941	1587283394943	OK	 
USER	Code Reuse	59	END	1587283394913	1587283394943
USER	Code Reuse	60	START	1587283394964	1587283394964
REQUEST	60		Get All Video Games	1587283394965	1587283394968	OK	 
REQUEST	60		Get All Video Games	1587283394969	1587283394971	OK	 
REQUEST	60		Get All Video Games	1587283394971	1587283394973	OK	 
REQUEST	60		Get Specific game	1587283394974	1587283394975	OK	 
REQUEST	60		Get Specific game	1587283394976	1587283394978	OK	 
REQUEST	60		Get Specific game	1587283394979	1587283394981	OK	 
REQUEST	60		Get Specific game	1587283394982	1587283394984	OK	 
REQUEST	60		Get Specific game	1587283394985	1587283394987	OK	 
REQUEST	60		Get All Video Games	1587283394988	1587283394995	OK	 
REQUEST	60		Get All Video Games	1587283394996	1587283394998	OK	 
REQUEST	60		Get All Video Games	1587283394999	1587283395001	OK	 
USER	Code Reuse	60	END	1587283394964	1587283395001
USER	Code Reuse	61	START	1587283395015	1587283395015
REQUEST	61		Get All Video Games	1587283395016	1587283395019	OK	 
REQUEST	61		Get All Video Games	1587283395020	1587283395022	OK	 
REQUEST	61		Get All Video Games	1587283395022	1587283395024	OK	 
REQUEST	61		Get Specific game	1587283395024	1587283395026	OK	 
REQUEST	61		Get Specific game	1587283395026	1587283395028	OK	 
REQUEST	61		Get Specific game	1587283395028	1587283395030	OK	 
REQUEST	61		Get Specific game	1587283395030	1587283395032	OK	 
REQUEST	61		Get Specific game	1587283395032	1587283395034	OK	 
REQUEST	61		Get All Video Games	1587283395034	1587283395036	OK	 
REQUEST	61		Get All Video Games	1587283395036	1587283395038	OK	 
REQUEST	61		Get All Video Games	1587283395038	1587283395040	OK	 
USER	Code Reuse	61	END	1587283395015	1587283395041
USER	Code Reuse	62	START	1587283395067	1587283395067
REQUEST	62		Get All Video Games	1587283395068	1587283395071	OK	 
REQUEST	62		Get All Video Games	1587283395071	1587283395073	OK	 
REQUEST	62		Get All Video Games	1587283395073	1587283395075	OK	 
REQUEST	62		Get Specific game	1587283395075	1587283395077	OK	 
REQUEST	62		Get Specific game	1587283395077	1587283395079	OK	 
REQUEST	62		Get Specific game	1587283395080	1587283395081	OK	 
REQUEST	62		Get Specific game	1587283395082	1587283395083	OK	 
REQUEST	62		Get Specific game	1587283395084	1587283395085	OK	 
REQUEST	62		Get All Video Games	1587283395086	1587283395087	OK	 
REQUEST	62		Get All Video Games	1587283395088	1587283395089	OK	 
REQUEST	62		Get All Video Games	1587283395090	1587283395092	OK	 
USER	Code Reuse	62	END	1587283395067	1587283395092
USER	Code Reuse	63	START	1587283395114	1587283395114
REQUEST	63		Get All Video Games	1587283395114	1587283395118	OK	 
REQUEST	63		Get All Video Games	1587283395118	1587283395120	OK	 
REQUEST	63		Get All Video Games	1587283395120	1587283395122	OK	 
REQUEST	63		Get Specific game	1587283395122	1587283395124	OK	 
REQUEST	63		Get Specific game	1587283395124	1587283395126	OK	 
REQUEST	63		Get Specific game	1587283395126	1587283395128	OK	 
REQUEST	63		Get Specific game	1587283395128	1587283395130	OK	 
REQUEST	63		Get Specific game	1587283395130	1587283395132	OK	 
REQUEST	63		Get All Video Games	1587283395133	1587283395134	OK	 
REQUEST	63		Get All Video Games	1587283395135	1587283395137	OK	 
REQUEST	63		Get All Video Games	1587283395137	1587283395139	OK	 
USER	Code Reuse	63	END	1587283395114	1587283395139
USER	Code Reuse	64	START	1587283395167	1587283395167
REQUEST	64		Get All Video Games	1587283395167	1587283395171	OK	 
REQUEST	64		Get All Video Games	1587283395172	1587283395174	OK	 
REQUEST	64		Get All Video Games	1587283395175	1587283395177	OK	 
REQUEST	64		Get Specific game	1587283395177	1587283395179	OK	 
REQUEST	64		Get Specific game	1587283395179	1587283395181	OK	 
REQUEST	64		Get Specific game	1587283395182	1587283395183	OK	 
REQUEST	64		Get Specific game	1587283395184	1587283395186	OK	 
REQUEST	64		Get Specific game	1587283395186	1587283395188	OK	 
REQUEST	64		Get All Video Games	1587283395188	1587283395190	OK	 
REQUEST	64		Get All Video Games	1587283395191	1587283395195	OK	 
REQUEST	64		Get All Video Games	1587283395196	1587283395198	OK	 
USER	Code Reuse	64	END	1587283395167	1587283395199
USER	Code Reuse	65	START	1587283395215	1587283395215
REQUEST	65		Get All Video Games	1587283395216	1587283395219	OK	 
REQUEST	65		Get All Video Games	1587283395219	1587283395221	OK	 
REQUEST	65		Get All Video Games	1587283395221	1587283395223	OK	 
REQUEST	65		Get Specific game	1587283395223	1587283395225	OK	 
REQUEST	65		Get Specific game	1587283395225	1587283395227	OK	 
REQUEST	65		Get Specific game	1587283395227	1587283395229	OK	 
REQUEST	65		Get Specific game	1587283395230	1587283395231	OK	 
REQUEST	65		Get Specific game	1587283395232	1587283395233	OK	 
REQUEST	65		Get All Video Games	1587283395234	1587283395236	OK	 
REQUEST	65		Get All Video Games	1587283395236	1587283395238	OK	 
REQUEST	65		Get All Video Games	1587283395238	1587283395240	OK	 
USER	Code Reuse	65	END	1587283395215	1587283395240
USER	Code Reuse	66	START	1587283395267	1587283395267
REQUEST	66		Get All Video Games	1587283395267	1587283395271	OK	 
REQUEST	66		Get All Video Games	1587283395271	1587283395273	OK	 
REQUEST	66		Get All Video Games	1587283395274	1587283395275	OK	 
REQUEST	66		Get Specific game	1587283395276	1587283395278	OK	 
REQUEST	66		Get Specific game	1587283395279	1587283395281	OK	 
REQUEST	66		Get Specific game	1587283395281	1587283395283	OK	 
REQUEST	66		Get Specific game	1587283395284	1587283395285	OK	 
REQUEST	66		Get Specific game	1587283395286	1587283395288	OK	 
REQUEST	66		Get All Video Games	1587283395288	1587283395290	OK	 
REQUEST	66		Get All Video Games	1587283395290	1587283395292	OK	 
REQUEST	66		Get All Video Games	1587283395293	1587283395294	OK	 
USER	Code Reuse	66	END	1587283395267	1587283395295
USER	Code Reuse	67	START	1587283395313	1587283395313
REQUEST	67		Get All Video Games	1587283395313	1587283395317	OK	 
REQUEST	67		Get All Video Games	1587283395317	1587283395319	OK	 
REQUEST	67		Get All Video Games	1587283395320	1587283395322	OK	 
REQUEST	67		Get Specific game	1587283395322	1587283395324	OK	 
REQUEST	67		Get Specific game	1587283395324	1587283395326	OK	 
REQUEST	67		Get Specific game	1587283395327	1587283395329	OK	 
REQUEST	67		Get Specific game	1587283395329	1587283395331	OK	 
REQUEST	67		Get Specific game	1587283395331	1587283395333	OK	 
REQUEST	67		Get All Video Games	1587283395334	1587283395336	OK	 
REQUEST	67		Get All Video Games	1587283395336	1587283395338	OK	 
REQUEST	67		Get All Video Games	1587283395339	1587283395341	OK	 
USER	Code Reuse	67	END	1587283395313	1587283395341
USER	Code Reuse	68	START	1587283395365	1587283395365
REQUEST	68		Get All Video Games	1587283395365	1587283395369	OK	 
REQUEST	68		Get All Video Games	1587283395369	1587283395371	OK	 
REQUEST	68		Get All Video Games	1587283395371	1587283395373	OK	 
REQUEST	68		Get Specific game	1587283395373	1587283395375	OK	 
REQUEST	68		Get Specific game	1587283395375	1587283395377	OK	 
REQUEST	68		Get Specific game	1587283395378	1587283395379	OK	 
REQUEST	68		Get Specific game	1587283395380	1587283395382	OK	 
REQUEST	68		Get Specific game	1587283395382	1587283395384	OK	 
REQUEST	68		Get All Video Games	1587283395384	1587283395386	OK	 
REQUEST	68		Get All Video Games	1587283395387	1587283395389	OK	 
REQUEST	68		Get All Video Games	1587283395389	1587283395391	OK	 
USER	Code Reuse	68	END	1587283395365	1587283395392
USER	Code Reuse	69	START	1587283395413	1587283395413
REQUEST	69		Get All Video Games	1587283395413	1587283395416	OK	 
REQUEST	69		Get All Video Games	1587283395417	1587283395418	OK	 
REQUEST	69		Get All Video Games	1587283395419	1587283395421	OK	 
REQUEST	69		Get Specific game	1587283395421	1587283395423	OK	 
REQUEST	69		Get Specific game	1587283395423	1587283395425	OK	 
REQUEST	69		Get Specific game	1587283395426	1587283395427	OK	 
REQUEST	69		Get Specific game	1587283395428	1587283395430	OK	 
REQUEST	69		Get Specific game	1587283395430	1587283395432	OK	 
REQUEST	69		Get All Video Games	1587283395433	1587283395434	OK	 
REQUEST	69		Get All Video Games	1587283395435	1587283395436	OK	 
REQUEST	69		Get All Video Games	1587283395437	1587283395439	OK	 
USER	Code Reuse	69	END	1587283395413	1587283395439
USER	Code Reuse	70	START	1587283395464	1587283395464
REQUEST	70		Get All Video Games	1587283395465	1587283395468	OK	 
REQUEST	70		Get All Video Games	1587283395468	1587283395470	OK	 
REQUEST	70		Get All Video Games	1587283395471	1587283395473	OK	 
REQUEST	70		Get Specific game	1587283395473	1587283395475	OK	 
REQUEST	70		Get Specific game	1587283395475	1587283395477	OK	 
REQUEST	70		Get Specific game	1587283395477	1587283395479	OK	 
REQUEST	70		Get Specific game	1587283395480	1587283395482	OK	 
REQUEST	70		Get Specific game	1587283395482	1587283395484	OK	 
REQUEST	70		Get All Video Games	1587283395484	1587283395486	OK	 
REQUEST	70		Get All Video Games	1587283395487	1587283395488	OK	 
REQUEST	70		Get All Video Games	1587283395489	1587283395490	OK	 
USER	Code Reuse	70	END	1587283395464	1587283395491
USER	Code Reuse	71	START	1587283395516	1587283395516
REQUEST	71		Get All Video Games	1587283395517	1587283395520	OK	 
REQUEST	71		Get All Video Games	1587283395520	1587283395522	OK	 
REQUEST	71		Get All Video Games	1587283395522	1587283395524	OK	 
REQUEST	71		Get Specific game	1587283395524	1587283395526	OK	 
REQUEST	71		Get Specific game	1587283395526	1587283395529	OK	 
REQUEST	71		Get Specific game	1587283395529	1587283395532	OK	 
REQUEST	71		Get Specific game	1587283395533	1587283395535	OK	 
REQUEST	71		Get Specific game	1587283395536	1587283395538	OK	 
REQUEST	71		Get All Video Games	1587283395539	1587283395540	OK	 
REQUEST	71		Get All Video Games	1587283395541	1587283395543	OK	 
REQUEST	71		Get All Video Games	1587283395543	1587283395545	OK	 
USER	Code Reuse	71	END	1587283395516	1587283395546
USER	Code Reuse	72	START	1587283395566	1587283395566
REQUEST	72		Get All Video Games	1587283395567	1587283395570	OK	 
REQUEST	72		Get All Video Games	1587283395570	1587283395572	OK	 
REQUEST	72		Get All Video Games	1587283395573	1587283395575	OK	 
REQUEST	72		Get Specific game	1587283395575	1587283395577	OK	 
REQUEST	72		Get Specific game	1587283395577	1587283395579	OK	 
REQUEST	72		Get Specific game	1587283395580	1587283395581	OK	 
REQUEST	72		Get Specific game	1587283395582	1587283395584	OK	 
REQUEST	72		Get Specific game	1587283395584	1587283395586	OK	 
REQUEST	72		Get All Video Games	1587283395587	1587283395588	OK	 
REQUEST	72		Get All Video Games	1587283395589	1587283395590	OK	 
REQUEST	72		Get All Video Games	1587283395591	1587283395593	OK	 
USER	Code Reuse	72	END	1587283395566	1587283395593
USER	Code Reuse	73	START	1587283395617	1587283395617
REQUEST	73		Get All Video Games	1587283395618	1587283395621	OK	 
REQUEST	73		Get All Video Games	1587283395621	1587283395623	OK	 
REQUEST	73		Get All Video Games	1587283395623	1587283395625	OK	 
REQUEST	73		Get Specific game	1587283395625	1587283395627	OK	 
REQUEST	73		Get Specific game	1587283395628	1587283395629	OK	 
REQUEST	73		Get Specific game	1587283395630	1587283395632	OK	 
REQUEST	73		Get Specific game	1587283395632	1587283395634	OK	 
REQUEST	73		Get Specific game	1587283395635	1587283395637	OK	 
REQUEST	73		Get All Video Games	1587283395637	1587283395639	OK	 
REQUEST	73		Get All Video Games	1587283395639	1587283395641	OK	 
REQUEST	73		Get All Video Games	1587283395641	1587283395643	OK	 
USER	Code Reuse	73	END	1587283395617	1587283395644
USER	Code Reuse	74	START	1587283395663	1587283395663
REQUEST	74		Get All Video Games	1587283395663	1587283395666	OK	 
REQUEST	74		Get All Video Games	1587283395667	1587283395668	OK	 
REQUEST	74		Get All Video Games	1587283395669	1587283395670	OK	 
REQUEST	74		Get Specific game	1587283395671	1587283395672	OK	 
REQUEST	74		Get Specific game	1587283395673	1587283395675	OK	 
REQUEST	74		Get Specific game	1587283395675	1587283395677	OK	 
REQUEST	74		Get Specific game	1587283395677	1587283395679	OK	 
REQUEST	74		Get Specific game	1587283395680	1587283395682	OK	 
REQUEST	74		Get All Video Games	1587283395682	1587283395683	OK	 
REQUEST	74		Get All Video Games	1587283395684	1587283395685	OK	 
REQUEST	74		Get All Video Games	1587283395686	1587283395687	OK	 
USER	Code Reuse	74	END	1587283395663	1587283395688
USER	Code Reuse	75	START	1587283395714	1587283395714
REQUEST	75		Get All Video Games	1587283395715	1587283395718	OK	 
REQUEST	75		Get All Video Games	1587283395718	1587283395720	OK	 
REQUEST	75		Get All Video Games	1587283395720	1587283395722	OK	 
REQUEST	75		Get Specific game	1587283395722	1587283395724	OK	 
REQUEST	75		Get Specific game	1587283395724	1587283395726	OK	 
REQUEST	75		Get Specific game	1587283395726	1587283395728	OK	 
REQUEST	75		Get Specific game	1587283395728	1587283395730	OK	 
REQUEST	75		Get Specific game	1587283395730	1587283395732	OK	 
REQUEST	75		Get All Video Games	1587283395732	1587283395734	OK	 
REQUEST	75		Get All Video Games	1587283395735	1587283395737	OK	 
REQUEST	75		Get All Video Games	1587283395738	1587283395740	OK	 
USER	Code Reuse	75	END	1587283395714	1587283395740
USER	Code Reuse	76	START	1587283395763	1587283395763
REQUEST	76		Get All Video Games	1587283395764	1587283395767	OK	 
REQUEST	76		Get All Video Games	1587283395767	1587283395769	OK	 
REQUEST	76		Get All Video Games	1587283395769	1587283395771	OK	 
REQUEST	76		Get Specific game	1587283395771	1587283395773	OK	 
REQUEST	76		Get Specific game	1587283395773	1587283395775	OK	 
REQUEST	76		Get Specific game	1587283395775	1587283395777	OK	 
REQUEST	76		Get Specific game	1587283395778	1587283395780	OK	 
REQUEST	76		Get Specific game	1587283395781	1587283395783	OK	 
REQUEST	76		Get All Video Games	1587283395783	1587283395785	OK	 
REQUEST	76		Get All Video Games	1587283395785	1587283395787	OK	 
REQUEST	76		Get All Video Games	1587283395787	1587283395789	OK	 
USER	Code Reuse	76	END	1587283395763	1587283395789
USER	Code Reuse	77	START	1587283395824	1587283395824
REQUEST	77		Get All Video Games	1587283395825	1587283395828	OK	 
REQUEST	77		Get All Video Games	1587283395828	1587283395830	OK	 
REQUEST	77		Get All Video Games	1587283395830	1587283395832	OK	 
REQUEST	77		Get Specific game	1587283395832	1587283395835	OK	 
REQUEST	77		Get Specific game	1587283395835	1587283395837	OK	 
REQUEST	77		Get Specific game	1587283395837	1587283395839	OK	 
REQUEST	77		Get Specific game	1587283395840	1587283395841	OK	 
REQUEST	77		Get Specific game	1587283395842	1587283395844	OK	 
REQUEST	77		Get All Video Games	1587283395844	1587283395845	OK	 
REQUEST	77		Get All Video Games	1587283395846	1587283395848	OK	 
REQUEST	77		Get All Video Games	1587283395848	1587283395850	OK	 
USER	Code Reuse	77	END	1587283395824	1587283395851
USER	Code Reuse	78	START	1587283395877	1587283395877
REQUEST	78		Get All Video Games	1587283395877	1587283395880	OK	 
REQUEST	78		Get All Video Games	1587283395880	1587283395882	OK	 
REQUEST	78		Get All Video Games	1587283395883	1587283395884	OK	 
REQUEST	78		Get Specific game	1587283395885	1587283395886	OK	 
REQUEST	78		Get Specific game	1587283395887	1587283395889	OK	 
REQUEST	78		Get Specific game	1587283395889	1587283395891	OK	 
REQUEST	78		Get Specific game	1587283395891	1587283395893	OK	 
REQUEST	78		Get Specific game	1587283395893	1587283395895	OK	 
REQUEST	78		Get All Video Games	1587283395895	1587283395897	OK	 
REQUEST	78		Get All Video Games	1587283395897	1587283395899	OK	 
REQUEST	78		Get All Video Games	1587283395899	1587283395901	OK	 
USER	Code Reuse	78	END	1587283395877	1587283395902
USER	Code Reuse	79	START	1587283395924	1587283395924
REQUEST	79		Get All Video Games	1587283395925	1587283395928	OK	 
REQUEST	79		Get All Video Games	1587283395928	1587283395929	OK	 
REQUEST	79		Get All Video Games	1587283395930	1587283395931	OK	 
REQUEST	79		Get Specific game	1587283395932	1587283395933	OK	 
REQUEST	79		Get Specific game	1587283395934	1587283395935	OK	 
REQUEST	79		Get Specific game	1587283395936	1587283395937	OK	 
REQUEST	79		Get Specific game	1587283395938	1587283395940	OK	 
REQUEST	79		Get Specific game	1587283395940	1587283395942	OK	 
REQUEST	79		Get All Video Games	1587283395942	1587283395944	OK	 
REQUEST	79		Get All Video Games	1587283395944	1587283395946	OK	 
REQUEST	79		Get All Video Games	1587283395946	1587283395948	OK	 
USER	Code Reuse	79	END	1587283395924	1587283395948
USER	Code Reuse	80	START	1587283395976	1587283395976
REQUEST	80		Get All Video Games	1587283395977	1587283395980	OK	 
REQUEST	80		Get All Video Games	1587283395980	1587283395981	OK	 
REQUEST	80		Get All Video Games	1587283395982	1587283395984	OK	 
REQUEST	80		Get Specific game	1587283395984	1587283395986	OK	 
REQUEST	80		Get Specific game	1587283395986	1587283395988	OK	 
REQUEST	80		Get Specific game	1587283395988	1587283395990	OK	 
REQUEST	80		Get Specific game	1587283395991	1587283395993	OK	 
REQUEST	80		Get Specific game	1587283395993	1587283395995	OK	 
REQUEST	80		Get All Video Games	1587283395995	1587283395997	OK	 
REQUEST	80		Get All Video Games	1587283395997	1587283395999	OK	 
REQUEST	80		Get All Video Games	1587283395999	1587283396001	OK	 
USER	Code Reuse	80	END	1587283395976	1587283396002
USER	Code Reuse	81	START	1587283396023	1587283396023
REQUEST	81		Get All Video Games	1587283396023	1587283396027	OK	 
REQUEST	81		Get All Video Games	1587283396027	1587283396028	OK	 
REQUEST	81		Get All Video Games	1587283396029	1587283396031	OK	 
REQUEST	81		Get Specific game	1587283396031	1587283396033	OK	 
REQUEST	81		Get Specific game	1587283396033	1587283396035	OK	 
REQUEST	81		Get Specific game	1587283396035	1587283396037	OK	 
REQUEST	81		Get Specific game	1587283396037	1587283396039	OK	 
REQUEST	81		Get Specific game	1587283396040	1587283396042	OK	 
REQUEST	81		Get All Video Games	1587283396042	1587283396044	OK	 
REQUEST	81		Get All Video Games	1587283396044	1587283396046	OK	 
REQUEST	81		Get All Video Games	1587283396046	1587283396048	OK	 
USER	Code Reuse	81	END	1587283396023	1587283396049
USER	Code Reuse	82	START	1587283396076	1587283396076
REQUEST	82		Get All Video Games	1587283396076	1587283396079	OK	 
REQUEST	82		Get All Video Games	1587283396079	1587283396081	OK	 
REQUEST	82		Get All Video Games	1587283396081	1587283396083	OK	 
REQUEST	82		Get Specific game	1587283396083	1587283396085	OK	 
REQUEST	82		Get Specific game	1587283396085	1587283396087	OK	 
REQUEST	82		Get Specific game	1587283396088	1587283396090	OK	 
REQUEST	82		Get Specific game	1587283396090	1587283396092	OK	 
REQUEST	82		Get Specific game	1587283396092	1587283396094	OK	 
REQUEST	82		Get All Video Games	1587283396095	1587283396096	OK	 
REQUEST	82		Get All Video Games	1587283396097	1587283396099	OK	 
REQUEST	82		Get All Video Games	1587283396099	1587283396101	OK	 
USER	Code Reuse	82	END	1587283396076	1587283396102
USER	Code Reuse	83	START	1587283396128	1587283396128
REQUEST	83		Get All Video Games	1587283396129	1587283396132	OK	 
REQUEST	83		Get All Video Games	1587283396133	1587283396134	OK	 
REQUEST	83		Get All Video Games	1587283396135	1587283396137	OK	 
REQUEST	83		Get Specific game	1587283396137	1587283396138	OK	 
REQUEST	83		Get Specific game	1587283396139	1587283396141	OK	 
REQUEST	83		Get Specific game	1587283396141	1587283396143	OK	 
REQUEST	83		Get Specific game	1587283396143	1587283396145	OK	 
REQUEST	83		Get Specific game	1587283396146	1587283396148	OK	 
REQUEST	83		Get All Video Games	1587283396148	1587283396150	OK	 
REQUEST	83		Get All Video Games	1587283396150	1587283396152	OK	 
REQUEST	83		Get All Video Games	1587283396152	1587283396154	OK	 
USER	Code Reuse	83	END	1587283396128	1587283396155
USER	Code Reuse	84	START	1587283396175	1587283396175
REQUEST	84		Get All Video Games	1587283396175	1587283396186	OK	 
REQUEST	84		Get All Video Games	1587283396186	1587283396188	OK	 
REQUEST	84		Get All Video Games	1587283396188	1587283396190	OK	 
REQUEST	84		Get Specific game	1587283396190	1587283396192	OK	 
REQUEST	84		Get Specific game	1587283396192	1587283396194	OK	 
REQUEST	84		Get Specific game	1587283396194	1587283396196	OK	 
REQUEST	84		Get Specific game	1587283396196	1587283396197	OK	 
REQUEST	84		Get Specific game	1587283396198	1587283396199	OK	 
REQUEST	84		Get All Video Games	1587283396200	1587283396201	OK	 
REQUEST	84		Get All Video Games	1587283396202	1587283396204	OK	 
REQUEST	84		Get All Video Games	1587283396204	1587283396206	OK	 
USER	Code Reuse	84	END	1587283396175	1587283396206
USER	Code Reuse	85	START	1587283396228	1587283396228
REQUEST	85		Get All Video Games	1587283396228	1587283396232	OK	 
REQUEST	85		Get All Video Games	1587283396232	1587283396234	OK	 
REQUEST	85		Get All Video Games	1587283396234	1587283396236	OK	 
REQUEST	85		Get Specific game	1587283396236	1587283396237	OK	 
REQUEST	85		Get Specific game	1587283396238	1587283396239	OK	 
REQUEST	85		Get Specific game	1587283396240	1587283396241	OK	 
REQUEST	85		Get Specific game	1587283396241	1587283396243	OK	 
REQUEST	85		Get Specific game	1587283396243	1587283396245	OK	 
REQUEST	85		Get All Video Games	1587283396246	1587283396247	OK	 
REQUEST	85		Get All Video Games	1587283396247	1587283396249	OK	 
REQUEST	85		Get All Video Games	1587283396250	1587283396251	OK	 
USER	Code Reuse	85	END	1587283396228	1587283396252
USER	Code Reuse	86	START	1587283396275	1587283396275
REQUEST	86		Get All Video Games	1587283396276	1587283396279	OK	 
REQUEST	86		Get All Video Games	1587283396279	1587283396281	OK	 
REQUEST	86		Get All Video Games	1587283396281	1587283396283	OK	 
REQUEST	86		Get Specific game	1587283396283	1587283396285	OK	 
REQUEST	86		Get Specific game	1587283396285	1587283396287	OK	 
REQUEST	86		Get Specific game	1587283396288	1587283396289	OK	 
REQUEST	86		Get Specific game	1587283396290	1587283396292	OK	 
REQUEST	86		Get Specific game	1587283396292	1587283396294	OK	 
REQUEST	86		Get All Video Games	1587283396295	1587283396298	OK	 
REQUEST	86		Get All Video Games	1587283396299	1587283396300	OK	 
REQUEST	86		Get All Video Games	1587283396301	1587283396303	OK	 
USER	Code Reuse	86	END	1587283396275	1587283396303
USER	Code Reuse	87	START	1587283396323	1587283396323
REQUEST	87		Get All Video Games	1587283396323	1587283396326	OK	 
REQUEST	87		Get All Video Games	1587283396326	1587283396328	OK	 
REQUEST	87		Get All Video Games	1587283396328	1587283396330	OK	 
REQUEST	87		Get Specific game	1587283396330	1587283396332	OK	 
REQUEST	87		Get Specific game	1587283396332	1587283396334	OK	 
REQUEST	87		Get Specific game	1587283396335	1587283396336	OK	 
REQUEST	87		Get Specific game	1587283396337	1587283396339	OK	 
REQUEST	87		Get Specific game	1587283396339	1587283396341	OK	 
REQUEST	87		Get All Video Games	1587283396341	1587283396343	OK	 
REQUEST	87		Get All Video Games	1587283396343	1587283396345	OK	 
REQUEST	87		Get All Video Games	1587283396345	1587283396347	OK	 
USER	Code Reuse	87	END	1587283396323	1587283396347
USER	Code Reuse	88	START	1587283396374	1587283396374
REQUEST	88		Get All Video Games	1587283396375	1587283396378	OK	 
REQUEST	88		Get All Video Games	1587283396378	1587283396379	OK	 
REQUEST	88		Get All Video Games	1587283396380	1587283396381	OK	 
REQUEST	88		Get Specific game	1587283396382	1587283396383	OK	 
REQUEST	88		Get Specific game	1587283396383	1587283396385	OK	 
REQUEST	88		Get Specific game	1587283396385	1587283396387	OK	 
REQUEST	88		Get Specific game	1587283396387	1587283396389	OK	 
REQUEST	88		Get Specific game	1587283396389	1587283396391	OK	 
REQUEST	88		Get All Video Games	1587283396391	1587283396392	OK	 
REQUEST	88		Get All Video Games	1587283396393	1587283396394	OK	 
REQUEST	88		Get All Video Games	1587283396394	1587283396396	OK	 
USER	Code Reuse	88	END	1587283396374	1587283396397
USER	Code Reuse	89	START	1587283396426	1587283396426
REQUEST	89		Get All Video Games	1587283396427	1587283396430	OK	 
REQUEST	89		Get All Video Games	1587283396430	1587283396432	OK	 
REQUEST	89		Get All Video Games	1587283396432	1587283396434	OK	 
REQUEST	89		Get Specific game	1587283396434	1587283396436	OK	 
REQUEST	89		Get Specific game	1587283396436	1587283396438	OK	 
REQUEST	89		Get Specific game	1587283396438	1587283396440	OK	 
REQUEST	89		Get Specific game	1587283396440	1587283396442	OK	 
REQUEST	89		Get Specific game	1587283396442	1587283396444	OK	 
REQUEST	89		Get All Video Games	1587283396444	1587283396446	OK	 
REQUEST	89		Get All Video Games	1587283396446	1587283396448	OK	 
REQUEST	89		Get All Video Games	1587283396448	1587283396450	OK	 
USER	Code Reuse	89	END	1587283396426	1587283396450
USER	Code Reuse	90	START	1587283396473	1587283396473
REQUEST	90		Get All Video Games	1587283396473	1587283396476	OK	 
REQUEST	90		Get All Video Games	1587283396476	1587283396478	OK	 
REQUEST	90		Get All Video Games	1587283396478	1587283396480	OK	 
REQUEST	90		Get Specific game	1587283396480	1587283396482	OK	 
REQUEST	90		Get Specific game	1587283396482	1587283396484	OK	 
REQUEST	90		Get Specific game	1587283396484	1587283396486	OK	 
REQUEST	90		Get Specific game	1587283396486	1587283396488	OK	 
REQUEST	90		Get Specific game	1587283396488	1587283396490	OK	 
REQUEST	90		Get All Video Games	1587283396490	1587283396492	OK	 
REQUEST	90		Get All Video Games	1587283396492	1587283396494	OK	 
REQUEST	90		Get All Video Games	1587283396494	1587283396496	OK	 
USER	Code Reuse	90	END	1587283396473	1587283396496
USER	Code Reuse	91	START	1587283396524	1587283396524
REQUEST	91		Get All Video Games	1587283396525	1587283396528	OK	 
REQUEST	91		Get All Video Games	1587283396528	1587283396530	OK	 
REQUEST	91		Get All Video Games	1587283396530	1587283396532	OK	 
REQUEST	91		Get Specific game	1587283396532	1587283396534	OK	 
REQUEST	91		Get Specific game	1587283396534	1587283396536	OK	 
REQUEST	91		Get Specific game	1587283396536	1587283396537	OK	 
REQUEST	91		Get Specific game	1587283396538	1587283396539	OK	 
REQUEST	91		Get Specific game	1587283396540	1587283396541	OK	 
REQUEST	91		Get All Video Games	1587283396542	1587283396543	OK	 
REQUEST	91		Get All Video Games	1587283396544	1587283396545	OK	 
REQUEST	91		Get All Video Games	1587283396546	1587283396547	OK	 
USER	Code Reuse	91	END	1587283396524	1587283396548
USER	Code Reuse	92	START	1587283396577	1587283396577
REQUEST	92		Get All Video Games	1587283396577	1587283396580	OK	 
REQUEST	92		Get All Video Games	1587283396580	1587283396582	OK	 
REQUEST	92		Get All Video Games	1587283396582	1587283396584	OK	 
REQUEST	92		Get Specific game	1587283396584	1587283396586	OK	 
REQUEST	92		Get Specific game	1587283396586	1587283396588	OK	 
REQUEST	92		Get Specific game	1587283396588	1587283396590	OK	 
REQUEST	92		Get Specific game	1587283396590	1587283396592	OK	 
REQUEST	92		Get Specific game	1587283396592	1587283396594	OK	 
REQUEST	92		Get All Video Games	1587283396594	1587283396596	OK	 
REQUEST	92		Get All Video Games	1587283396596	1587283396598	OK	 
REQUEST	92		Get All Video Games	1587283396598	1587283396600	OK	 
USER	Code Reuse	92	END	1587283396577	1587283396600
USER	Code Reuse	93	START	1587283396623	1587283396623
REQUEST	93		Get All Video Games	1587283396623	1587283396626	OK	 
REQUEST	93		Get All Video Games	1587283396626	1587283396628	OK	 
REQUEST	93		Get All Video Games	1587283396628	1587283396630	OK	 
REQUEST	93		Get Specific game	1587283396630	1587283396632	OK	 
REQUEST	93		Get Specific game	1587283396632	1587283396634	OK	 
REQUEST	93		Get Specific game	1587283396634	1587283396636	OK	 
REQUEST	93		Get Specific game	1587283396636	1587283396638	OK	 
REQUEST	93		Get Specific game	1587283396638	1587283396640	OK	 
REQUEST	93		Get All Video Games	1587283396640	1587283396642	OK	 
REQUEST	93		Get All Video Games	1587283396642	1587283396644	OK	 
REQUEST	93		Get All Video Games	1587283396644	1587283396646	OK	 
USER	Code Reuse	93	END	1587283396623	1587283396647
USER	Code Reuse	94	START	1587283396676	1587283396676
REQUEST	94		Get All Video Games	1587283396676	1587283396680	OK	 
REQUEST	94		Get All Video Games	1587283396680	1587283396681	OK	 
REQUEST	94		Get All Video Games	1587283396682	1587283396683	OK	 
REQUEST	94		Get Specific game	1587283396684	1587283396685	OK	 
REQUEST	94		Get Specific game	1587283396686	1587283396687	OK	 
REQUEST	94		Get Specific game	1587283396688	1587283396689	OK	 
REQUEST	94		Get Specific game	1587283396690	1587283396691	OK	 
REQUEST	94		Get Specific game	1587283396692	1587283396693	OK	 
REQUEST	94		Get All Video Games	1587283396694	1587283396695	OK	 
REQUEST	94		Get All Video Games	1587283396696	1587283396698	OK	 
REQUEST	94		Get All Video Games	1587283396698	1587283396700	OK	 
USER	Code Reuse	94	END	1587283396676	1587283396700
USER	Code Reuse	95	START	1587283396723	1587283396723
REQUEST	95		Get All Video Games	1587283396723	1587283396726	OK	 
REQUEST	95		Get All Video Games	1587283396726	1587283396728	OK	 
REQUEST	95		Get All Video Games	1587283396728	1587283396730	OK	 
REQUEST	95		Get Specific game	1587283396730	1587283396732	OK	 
REQUEST	95		Get Specific game	1587283396732	1587283396734	OK	 
REQUEST	95		Get Specific game	1587283396734	1587283396736	OK	 
REQUEST	95		Get Specific game	1587283396736	1587283396738	OK	 
REQUEST	95		Get Specific game	1587283396739	1587283396740	OK	 
REQUEST	95		Get All Video Games	1587283396741	1587283396742	OK	 
REQUEST	95		Get All Video Games	1587283396743	1587283396744	OK	 
REQUEST	95		Get All Video Games	1587283396745	1587283396747	OK	 
USER	Code Reuse	95	END	1587283396723	1587283396747
USER	Code Reuse	96	START	1587283396774	1587283396774
REQUEST	96		Get All Video Games	1587283396775	1587283396778	OK	 
REQUEST	96		Get All Video Games	1587283396778	1587283396780	OK	 
REQUEST	96		Get All Video Games	1587283396780	1587283396782	OK	 
REQUEST	96		Get Specific game	1587283396782	1587283396784	OK	 
REQUEST	96		Get Specific game	1587283396784	1587283396786	OK	 
REQUEST	96		Get Specific game	1587283396786	1587283396788	OK	 
REQUEST	96		Get Specific game	1587283396788	1587283396790	OK	 
REQUEST	96		Get Specific game	1587283396791	1587283396792	OK	 
REQUEST	96		Get All Video Games	1587283396793	1587283396794	OK	 
REQUEST	96		Get All Video Games	1587283396794	1587283396796	OK	 
REQUEST	96		Get All Video Games	1587283396797	1587283396798	OK	 
USER	Code Reuse	96	END	1587283396774	1587283396799
USER	Code Reuse	97	START	1587283396806	1587283396806
REQUEST	97		Get All Video Games	1587283396807	1587283396810	OK	 
REQUEST	97		Get All Video Games	1587283396810	1587283396812	OK	 
REQUEST	97		Get All Video Games	1587283396812	1587283396814	OK	 
REQUEST	97		Get Specific game	1587283396814	1587283396816	OK	 
REQUEST	97		Get Specific game	1587283396816	1587283396818	OK	 
REQUEST	97		Get Specific game	1587283396818	1587283396820	OK	 
REQUEST	97		Get Specific game	1587283396820	1587283396822	OK	 
REQUEST	97		Get Specific game	1587283396822	1587283396824	OK	 
REQUEST	97		Get All Video Games	1587283396824	1587283396826	OK	 
REQUEST	97		Get All Video Games	1587283396826	1587283396828	OK	 
REQUEST	97		Get All Video Games	1587283396828	1587283396830	OK	 
USER	Code Reuse	97	END	1587283396806	1587283396831
USER	Code Reuse	98	START	1587283396873	1587283396873
REQUEST	98		Get All Video Games	1587283396873	1587283396876	OK	 
REQUEST	98		Get All Video Games	1587283396876	1587283396878	OK	 
REQUEST	98		Get All Video Games	1587283396878	1587283396880	OK	 
REQUEST	98		Get Specific game	1587283396880	1587283396882	OK	 
REQUEST	98		Get Specific game	1587283396882	1587283396884	OK	 
REQUEST	98		Get Specific game	1587283396884	1587283396886	OK	 
REQUEST	98		Get Specific game	1587283396886	1587283396888	OK	 
REQUEST	98		Get Specific game	1587283396888	1587283396890	OK	 
REQUEST	98		Get All Video Games	1587283396890	1587283396892	OK	 
REQUEST	98		Get All Video Games	1587283396892	1587283396894	OK	 
REQUEST	98		Get All Video Games	1587283396894	1587283396896	OK	 
USER	Code Reuse	98	END	1587283396873	1587283396897
USER	Code Reuse	99	START	1587283396926	1587283396926
REQUEST	99		Get All Video Games	1587283396926	1587283396929	OK	 
REQUEST	99		Get All Video Games	1587283396930	1587283396932	OK	 
REQUEST	99		Get All Video Games	1587283396932	1587283396934	OK	 
REQUEST	99		Get Specific game	1587283396934	1587283396936	OK	 
REQUEST	99		Get Specific game	1587283396936	1587283396938	OK	 
REQUEST	99		Get Specific game	1587283396938	1587283396940	OK	 
REQUEST	99		Get Specific game	1587283396940	1587283396942	OK	 
REQUEST	99		Get Specific game	1587283396942	1587283396944	OK	 
REQUEST	99		Get All Video Games	1587283396944	1587283396946	OK	 
REQUEST	99		Get All Video Games	1587283396946	1587283396947	OK	 
REQUEST	99		Get All Video Games	1587283396948	1587283396949	OK	 
USER	Code Reuse	99	END	1587283396926	1587283396950
USER	Code Reuse	100	START	1587283396973	1587283396973
REQUEST	100		Get All Video Games	1587283396973	1587283396976	OK	 
REQUEST	100		Get All Video Games	1587283396976	1587283396978	OK	 
REQUEST	100		Get All Video Games	1587283396978	1587283396980	OK	 
REQUEST	100		Get Specific game	1587283396980	1587283396982	OK	 
REQUEST	100		Get Specific game	1587283396982	1587283396984	OK	 
REQUEST	100		Get Specific game	1587283396984	1587283396986	OK	 
REQUEST	100		Get Specific game	1587283396986	1587283396988	OK	 
REQUEST	100		Get Specific game	1587283396988	1587283396990	OK	 
REQUEST	100		Get All Video Games	1587283396990	1587283396992	OK	 
REQUEST	100		Get All Video Games	1587283396992	1587283396994	OK	 
REQUEST	100		Get All Video Games	1587283396994	1587283396996	OK	 
USER	Code Reuse	100	END	1587283396973	1587283396996
USER	Code Reuse	101	START	1587283397026	1587283397026
REQUEST	101		Get All Video Games	1587283397026	1587283397029	OK	 
REQUEST	101		Get All Video Games	1587283397029	1587283397031	OK	 
REQUEST	101		Get All Video Games	1587283397031	1587283397033	OK	 
REQUEST	101		Get Specific game	1587283397033	1587283397035	OK	 
REQUEST	101		Get Specific game	1587283397035	1587283397037	OK	 
REQUEST	101		Get Specific game	1587283397037	1587283397039	OK	 
REQUEST	101		Get Specific game	1587283397039	1587283397041	OK	 
REQUEST	101		Get Specific game	1587283397041	1587283397043	OK	 
REQUEST	101		Get All Video Games	1587283397043	1587283397045	OK	 
REQUEST	101		Get All Video Games	1587283397045	1587283397047	OK	 
REQUEST	101		Get All Video Games	1587283397047	1587283397049	OK	 
USER	Code Reuse	101	END	1587283397026	1587283397049
USER	Code Reuse	102	START	1587283397074	1587283397074
REQUEST	102		Get All Video Games	1587283397074	1587283397077	OK	 
REQUEST	102		Get All Video Games	1587283397077	1587283397079	OK	 
REQUEST	102		Get All Video Games	1587283397079	1587283397081	OK	 
REQUEST	102		Get Specific game	1587283397081	1587283397083	OK	 
REQUEST	102		Get Specific game	1587283397083	1587283397085	OK	 
REQUEST	102		Get Specific game	1587283397085	1587283397087	OK	 
REQUEST	102		Get Specific game	1587283397087	1587283397089	OK	 
REQUEST	102		Get Specific game	1587283397089	1587283397091	OK	 
REQUEST	102		Get All Video Games	1587283397091	1587283397093	OK	 
REQUEST	102		Get All Video Games	1587283397093	1587283397095	OK	 
REQUEST	102		Get All Video Games	1587283397095	1587283397097	OK	 
USER	Code Reuse	102	END	1587283397074	1587283397098
USER	Code Reuse	103	START	1587283397127	1587283397127
REQUEST	103		Get All Video Games	1587283397127	1587283397131	OK	 
REQUEST	103		Get All Video Games	1587283397131	1587283397132	OK	 
REQUEST	103		Get All Video Games	1587283397133	1587283397135	OK	 
REQUEST	103		Get Specific game	1587283397135	1587283397136	OK	 
REQUEST	103		Get Specific game	1587283397137	1587283397138	OK	 
REQUEST	103		Get Specific game	1587283397139	1587283397140	OK	 
REQUEST	103		Get Specific game	1587283397140	1587283397142	OK	 
REQUEST	103		Get Specific game	1587283397142	1587283397144	OK	 
REQUEST	103		Get All Video Games	1587283397144	1587283397146	OK	 
REQUEST	103		Get All Video Games	1587283397146	1587283397148	OK	 
REQUEST	103		Get All Video Games	1587283397148	1587283397150	OK	 
USER	Code Reuse	103	END	1587283397127	1587283397150
USER	Code Reuse	104	START	1587283397173	1587283397173
REQUEST	104		Get All Video Games	1587283397173	1587283397176	OK	 
REQUEST	104		Get All Video Games	1587283397176	1587283397178	OK	 
REQUEST	104		Get All Video Games	1587283397178	1587283397180	OK	 
REQUEST	104		Get Specific game	1587283397180	1587283397181	OK	 
REQUEST	104		Get Specific game	1587283397181	1587283397183	OK	 
REQUEST	104		Get Specific game	1587283397183	1587283397185	OK	 
REQUEST	104		Get Specific game	1587283397186	1587283397187	OK	 
REQUEST	104		Get Specific game	1587283397188	1587283397189	OK	 
REQUEST	104		Get All Video Games	1587283397190	1587283397191	OK	 
REQUEST	104		Get All Video Games	1587283397191	1587283397193	OK	 
REQUEST	104		Get All Video Games	1587283397193	1587283397195	OK	 
USER	Code Reuse	104	END	1587283397173	1587283397195
USER	Code Reuse	105	START	1587283397225	1587283397225
REQUEST	105		Get All Video Games	1587283397226	1587283397229	OK	 
REQUEST	105		Get All Video Games	1587283397229	1587283397231	OK	 
REQUEST	105		Get All Video Games	1587283397231	1587283397233	OK	 
REQUEST	105		Get Specific game	1587283397233	1587283397235	OK	 
REQUEST	105		Get Specific game	1587283397235	1587283397237	OK	 
REQUEST	105		Get Specific game	1587283397237	1587283397239	OK	 
REQUEST	105		Get Specific game	1587283397239	1587283397241	OK	 
REQUEST	105		Get Specific game	1587283397241	1587283397243	OK	 
REQUEST	105		Get All Video Games	1587283397243	1587283397244	OK	 
REQUEST	105		Get All Video Games	1587283397245	1587283397246	OK	 
REQUEST	105		Get All Video Games	1587283397247	1587283397248	OK	 
USER	Code Reuse	105	END	1587283397225	1587283397249
USER	Code Reuse	106	START	1587283397273	1587283397273
REQUEST	106		Get All Video Games	1587283397273	1587283397277	OK	 
REQUEST	106		Get All Video Games	1587283397277	1587283397279	OK	 
REQUEST	106		Get All Video Games	1587283397279	1587283397281	OK	 
REQUEST	106		Get Specific game	1587283397281	1587283397282	OK	 
REQUEST	106		Get Specific game	1587283397283	1587283397284	OK	 
REQUEST	106		Get Specific game	1587283397285	1587283397286	OK	 
REQUEST	106		Get Specific game	1587283397286	1587283397288	OK	 
REQUEST	106		Get Specific game	1587283397288	1587283397290	OK	 
REQUEST	106		Get All Video Games	1587283397290	1587283397292	OK	 
REQUEST	106		Get All Video Games	1587283397292	1587283397294	OK	 
REQUEST	106		Get All Video Games	1587283397294	1587283397296	OK	 
USER	Code Reuse	106	END	1587283397273	1587283397296
USER	Code Reuse	107	START	1587283397326	1587283397326
REQUEST	107		Get All Video Games	1587283397327	1587283397330	OK	 
REQUEST	107		Get All Video Games	1587283397330	1587283397332	OK	 
REQUEST	107		Get All Video Games	1587283397332	1587283397334	OK	 
REQUEST	107		Get Specific game	1587283397334	1587283397336	OK	 
REQUEST	107		Get Specific game	1587283397336	1587283397338	OK	 
REQUEST	107		Get Specific game	1587283397338	1587283397340	OK	 
REQUEST	107		Get Specific game	1587283397340	1587283397342	OK	 
REQUEST	107		Get Specific game	1587283397343	1587283397344	OK	 
REQUEST	107		Get All Video Games	1587283397345	1587283397346	OK	 
REQUEST	107		Get All Video Games	1587283397346	1587283397348	OK	 
REQUEST	107		Get All Video Games	1587283397348	1587283397351	OK	 
USER	Code Reuse	107	END	1587283397326	1587283397351
USER	Code Reuse	108	START	1587283397373	1587283397373
REQUEST	108		Get All Video Games	1587283397373	1587283397376	OK	 
REQUEST	108		Get All Video Games	1587283397376	1587283397378	OK	 
REQUEST	108		Get All Video Games	1587283397378	1587283397380	OK	 
REQUEST	108		Get Specific game	1587283397380	1587283397382	OK	 
REQUEST	108		Get Specific game	1587283397382	1587283397384	OK	 
REQUEST	108		Get Specific game	1587283397384	1587283397386	OK	 
REQUEST	108		Get Specific game	1587283397386	1587283397388	OK	 
REQUEST	108		Get Specific game	1587283397388	1587283397390	OK	 
REQUEST	108		Get All Video Games	1587283397391	1587283397392	OK	 
REQUEST	108		Get All Video Games	1587283397393	1587283397394	OK	 
REQUEST	108		Get All Video Games	1587283397394	1587283397396	OK	 
USER	Code Reuse	108	END	1587283397373	1587283397396
USER	Code Reuse	109	START	1587283397424	1587283397424
REQUEST	109		Get All Video Games	1587283397425	1587283397428	OK	 
REQUEST	109		Get All Video Games	1587283397428	1587283397429	OK	 
REQUEST	109		Get All Video Games	1587283397430	1587283397431	OK	 
REQUEST	109		Get Specific game	1587283397431	1587283397433	OK	 
REQUEST	109		Get Specific game	1587283397433	1587283397435	OK	 
REQUEST	109		Get Specific game	1587283397435	1587283397437	OK	 
REQUEST	109		Get Specific game	1587283397437	1587283397439	OK	 
REQUEST	109		Get Specific game	1587283397439	1587283397441	OK	 
REQUEST	109		Get All Video Games	1587283397441	1587283397443	OK	 
REQUEST	109		Get All Video Games	1587283397443	1587283397445	OK	 
REQUEST	109		Get All Video Games	1587283397445	1587283397447	OK	 
USER	Code Reuse	109	END	1587283397424	1587283397448
USER	Code Reuse	110	START	1587283397475	1587283397475
REQUEST	110		Get All Video Games	1587283397476	1587283397479	OK	 
REQUEST	110		Get All Video Games	1587283397479	1587283397481	OK	 
REQUEST	110		Get All Video Games	1587283397481	1587283397483	OK	 
REQUEST	110		Get Specific game	1587283397483	1587283397485	OK	 
REQUEST	110		Get Specific game	1587283397485	1587283397487	OK	 
REQUEST	110		Get Specific game	1587283397487	1587283397488	OK	 
REQUEST	110		Get Specific game	1587283397489	1587283397490	OK	 
REQUEST	110		Get Specific game	1587283397491	1587283397493	OK	 
REQUEST	110		Get All Video Games	1587283397493	1587283397495	OK	 
REQUEST	110		Get All Video Games	1587283397495	1587283397497	OK	 
REQUEST	110		Get All Video Games	1587283397497	1587283397499	OK	 
USER	Code Reuse	110	END	1587283397475	1587283397499
USER	Code Reuse	111	START	1587283397523	1587283397523
REQUEST	111		Get All Video Games	1587283397523	1587283397526	OK	 
REQUEST	111		Get All Video Games	1587283397526	1587283397528	OK	 
REQUEST	111		Get All Video Games	1587283397528	1587283397530	OK	 
REQUEST	111		Get Specific game	1587283397530	1587283397531	OK	 
REQUEST	111		Get Specific game	1587283397532	1587283397534	OK	 
REQUEST	111		Get Specific game	1587283397534	1587283397535	OK	 
REQUEST	111		Get Specific game	1587283397536	1587283397537	OK	 
REQUEST	111		Get Specific game	1587283397538	1587283397539	OK	 
REQUEST	111		Get All Video Games	1587283397539	1587283397541	OK	 
REQUEST	111		Get All Video Games	1587283397541	1587283397543	OK	 
REQUEST	111		Get All Video Games	1587283397543	1587283397545	OK	 
USER	Code Reuse	111	END	1587283397523	1587283397545
USER	Code Reuse	112	START	1587283397574	1587283397574
REQUEST	112		Get All Video Games	1587283397574	1587283397577	OK	 
REQUEST	112		Get All Video Games	1587283397578	1587283397579	OK	 
REQUEST	112		Get All Video Games	1587283397579	1587283397581	OK	 
REQUEST	112		Get Specific game	1587283397581	1587283397583	OK	 
REQUEST	112		Get Specific game	1587283397583	1587283397585	OK	 
REQUEST	112		Get Specific game	1587283397585	1587283397586	OK	 
REQUEST	112		Get Specific game	1587283397587	1587283397589	OK	 
REQUEST	112		Get Specific game	1587283397589	1587283397590	OK	 
REQUEST	112		Get All Video Games	1587283397591	1587283397592	OK	 
REQUEST	112		Get All Video Games	1587283397593	1587283397594	OK	 
REQUEST	112		Get All Video Games	1587283397594	1587283397596	OK	 
USER	Code Reuse	112	END	1587283397574	1587283397597
USER	Code Reuse	113	START	1587283397627	1587283397627
REQUEST	113		Get All Video Games	1587283397627	1587283397630	OK	 
REQUEST	113		Get All Video Games	1587283397630	1587283397632	OK	 
REQUEST	113		Get All Video Games	1587283397632	1587283397634	OK	 
REQUEST	113		Get Specific game	1587283397634	1587283397636	OK	 
REQUEST	113		Get Specific game	1587283397636	1587283397638	OK	 
REQUEST	113		Get Specific game	1587283397638	1587283397640	OK	 
REQUEST	113		Get Specific game	1587283397640	1587283397642	OK	 
REQUEST	113		Get Specific game	1587283397642	1587283397644	OK	 
REQUEST	113		Get All Video Games	1587283397644	1587283397646	OK	 
REQUEST	113		Get All Video Games	1587283397646	1587283397648	OK	 
REQUEST	113		Get All Video Games	1587283397648	1587283397650	OK	 
USER	Code Reuse	113	END	1587283397627	1587283397650
USER	Code Reuse	114	START	1587283397673	1587283397673
REQUEST	114		Get All Video Games	1587283397673	1587283397676	OK	 
REQUEST	114		Get All Video Games	1587283397676	1587283397678	OK	 
REQUEST	114		Get All Video Games	1587283397678	1587283397680	OK	 
REQUEST	114		Get Specific game	1587283397680	1587283397682	OK	 
REQUEST	114		Get Specific game	1587283397682	1587283397688	OK	 
REQUEST	114		Get Specific game	1587283397688	1587283397690	OK	 
REQUEST	114		Get Specific game	1587283397690	1587283397692	OK	 
REQUEST	114		Get Specific game	1587283397692	1587283397694	OK	 
REQUEST	114		Get All Video Games	1587283397694	1587283397695	OK	 
REQUEST	114		Get All Video Games	1587283397696	1587283397697	OK	 
REQUEST	114		Get All Video Games	1587283397698	1587283397700	OK	 
USER	Code Reuse	114	END	1587283397673	1587283397700
USER	Code Reuse	115	START	1587283397725	1587283397725
REQUEST	115		Get All Video Games	1587283397726	1587283397729	OK	 
REQUEST	115		Get All Video Games	1587283397729	1587283397731	OK	 
REQUEST	115		Get All Video Games	1587283397731	1587283397733	OK	 
REQUEST	115		Get Specific game	1587283397733	1587283397735	OK	 
REQUEST	115		Get Specific game	1587283397735	1587283397737	OK	 
REQUEST	115		Get Specific game	1587283397737	1587283397739	OK	 
REQUEST	115		Get Specific game	1587283397739	1587283397741	OK	 
REQUEST	115		Get Specific game	1587283397741	1587283397742	OK	 
REQUEST	115		Get All Video Games	1587283397743	1587283397744	OK	 
REQUEST	115		Get All Video Games	1587283397745	1587283397746	OK	 
REQUEST	115		Get All Video Games	1587283397747	1587283397748	OK	 
USER	Code Reuse	115	END	1587283397725	1587283397749
